"../../../Engine/Content/Functions/Engine_MaterialFunctions02/Utility/VectorLength.uasset" 0
"../../../Engine/Content/Functions/Engine_MaterialFunctions02/Utility/VectorLength.uexp" 1
"../../../Engine/Content/Functions/Engine_MaterialFunctions02/WorldPositionOffset/ObjectScale.uasset" 2
"../../../Engine/Content/Functions/Engine_MaterialFunctions02/WorldPositionOffset/ObjectScale.uexp" 3
"../../../Engine/Content/Functions/Engine_MaterialFunctions02/Utility/BreakOutFloat3Components.uasset" 4
"../../../Engine/Content/Functions/Engine_MaterialFunctions02/Utility/BreakOutFloat3Components.uexp" 5
"../../../Engine/Plugins/Editor/SpeedTreeImporter/Content/SpeedTree9/Empty.uasset" 6
"../../../Engine/Plugins/Editor/SpeedTreeImporter/Content/SpeedTree9/Empty.uexp" 7
"../../../Engine/Plugins/Editor/SpeedTreeImporter/Content/SpeedTree9/EmptyNormal.uasset" 8
"../../../Engine/Plugins/Editor/SpeedTreeImporter/Content/SpeedTree9/EmptyNormal.uexp" 9
"../../../Engine/Plugins/Editor/SpeedTreeImporter/Content/SpeedTree9/game_wind_noise.ubulk" 10
"../../../Engine/Plugins/Editor/SpeedTreeImporter/Content/SpeedTree9/game_wind_noise.uasset" 11
"../../../Engine/Plugins/Editor/SpeedTreeImporter/Content/SpeedTree9/game_wind_noise.uexp" 12
"../../../Engine/Content/Functions/Engine_MaterialFunctions02/SafeNormalize.uasset" 13
"../../../Engine/Content/Functions/Engine_MaterialFunctions02/SafeNormalize.uexp" 14
"../../../Engine/Plugins/Editor/SpeedTreeImporter/Content/SpeedTree9/SpeedTreeWindMotion.uasset" 15
"../../../Engine/Plugins/Editor/SpeedTreeImporter/Content/SpeedTree9/SpeedTreeWindMotion.uexp" 16
"../../../Engine/Plugins/Editor/SpeedTreeImporter/Content/SpeedTree9/UnpackDirection.uasset" 17
"../../../Engine/Plugins/Editor/SpeedTreeImporter/Content/SpeedTree9/UnpackDirection.uexp" 18
"../../../Engine/Plugins/Editor/SpeedTreeImporter/Content/SpeedTree9/UnpackInteger3.uasset" 19
"../../../Engine/Plugins/Editor/SpeedTreeImporter/Content/SpeedTree9/UnpackInteger3.uexp" 20
"../../../Engine/Plugins/Editor/SpeedTreeImporter/Content/SpeedTree9/SpeedTreeBranchMotion.uasset" 21
"../../../Engine/Plugins/Editor/SpeedTreeImporter/Content/SpeedTree9/SpeedTreeBranchMotion.uexp" 22
"../../../Engine/Content/Functions/Engine_MaterialFunctions02/ObjectLocalBounds.uasset" 23
"../../../Engine/Content/Functions/Engine_MaterialFunctions02/ObjectLocalBounds.uexp" 24
"../../../Engine/Content/Functions/Engine_MaterialFunctions02/UVs/BoundingBoxBased_0-1_UVW.uasset" 25
"../../../Engine/Content/Functions/Engine_MaterialFunctions02/UVs/BoundingBoxBased_0-1_UVW.uexp" 26
"../../../Engine/Plugins/Editor/SpeedTreeImporter/Content/SpeedTree9/SpeedTreeWind.uasset" 27
"../../../Engine/Plugins/Editor/SpeedTreeImporter/Content/SpeedTree9/SpeedTreeWind.uexp" 28
"../../../Engine/Plugins/Editor/SpeedTreeImporter/Content/SpeedTree9/SpeedTreeCameraFacing.uasset" 29
"../../../Engine/Plugins/Editor/SpeedTreeImporter/Content/SpeedTree9/SpeedTreeCameraFacing.uexp" 30
"../../../Engine/Plugins/Editor/SpeedTreeImporter/Content/SpeedTree9/SpeedTreeMaster.uasset" 31
"../../../Engine/Plugins/Editor/SpeedTreeImporter/Content/SpeedTree9/SpeedTreeMaster.uexp" 32
"../../../Engine/Content/EngineFonts/Faces/DroidSansFallback.uexp" 33
"../../../Engine/Content/EngineFonts/Faces/DroidSansFallback.uasset" 34
"../../../Engine/Content/EngineFonts/Faces/DroidSansFallback.ufont" 35
"../../../Engine/Content/EngineFonts/Faces/RobotoBold.uexp" 36
"../../../Engine/Content/EngineFonts/Faces/RobotoBold.uasset" 37
"../../../Engine/Content/EngineFonts/Faces/RobotoBold.ufont" 38
"../../../Engine/Content/EngineFonts/Faces/RobotoBoldItalic.uexp" 39
"../../../Engine/Content/EngineFonts/Faces/RobotoBoldItalic.uasset" 40
"../../../Engine/Content/EngineFonts/Faces/RobotoBoldItalic.ufont" 41
"../../../Engine/Content/EngineFonts/Faces/RobotoItalic.uexp" 42
"../../../Engine/Content/EngineFonts/Faces/RobotoItalic.uasset" 43
"../../../Engine/Content/EngineFonts/Faces/RobotoItalic.ufont" 44
"../../../Engine/Content/EngineFonts/Faces/RobotoLight.uexp" 45
"../../../Engine/Content/EngineFonts/Faces/RobotoLight.uasset" 46
"../../../Engine/Content/EngineFonts/Faces/RobotoLight.ufont" 47
"../../../Engine/Content/EngineFonts/Faces/RobotoRegular.uexp" 48
"../../../Engine/Content/EngineFonts/Faces/RobotoRegular.uasset" 49
"../../../Engine/Content/EngineFonts/Faces/RobotoRegular.ufont" 50
"../../../Engine/Content/EngineFonts/Roboto.uasset" 51
"../../../Engine/Content/EngineFonts/Roboto.uexp" 52
"../../../Engine/Plugins/2D/Paper2D/Content/PlaceholderTextures/DummySpriteTexture.ubulk" 53
"../../../Engine/Plugins/2D/Paper2D/Content/PlaceholderTextures/DummySpriteTexture.uasset" 54
"../../../Engine/Plugins/2D/Paper2D/Content/PlaceholderTextures/DummySpriteTexture.uexp" 55
"../../../Engine/Plugins/2D/Paper2D/Content/DummySprite.uasset" 56
"../../../Engine/Plugins/2D/Paper2D/Content/DummySprite.uexp" 57
"../../../Engine/Plugins/2D/Paper2D/Content/DefaultPaperTerrainMaterial.uasset" 58
"../../../Engine/Plugins/2D/Paper2D/Content/DefaultPaperTerrainMaterial.uexp" 59
"../../../Engine/Plugins/2D/Paper2D/Content/DefaultSpriteMaterial.uasset" 60
"../../../Engine/Plugins/2D/Paper2D/Content/DefaultSpriteMaterial.uexp" 61
"../../../Engine/Plugins/2D/Paper2D/Content/MaskedUnlitSpriteMaterial.uasset" 62
"../../../Engine/Plugins/2D/Paper2D/Content/MaskedUnlitSpriteMaterial.uexp" 63
"../../../Engine/Plugins/2D/Paper2D/Content/OpaqueUnlitSpriteMaterial.uasset" 64
"../../../Engine/Plugins/2D/Paper2D/Content/OpaqueUnlitSpriteMaterial.uexp" 65
"../../../Engine/Content/Functions/Engine_MaterialFunctions02/WorldPositionOffset/CameraOffset.uasset" 66
"../../../Engine/Content/Functions/Engine_MaterialFunctions02/WorldPositionOffset/CameraOffset.uexp" 67
"../../../Engine/Plugins/Animation/ControlRig/Content/M_Manip.uasset" 68
"../../../Engine/Plugins/Animation/ControlRig/Content/M_Manip.uexp" 69
"../../../Engine/Content/EngineSounds/Master.uasset" 70
"../../../Engine/Content/EngineSounds/Master.uexp" 71
"../../../Engine/Content/EditorMaterials/PhAT_NoCollisionMaterial.uasset" 72
"../../../Engine/Content/EditorMaterials/PhAT_NoCollisionMaterial.uexp" 73
"../../../Engine/Content/EditorMaterials/PhAT_UnselectedMaterial.uasset" 74
"../../../Engine/Content/EditorMaterials/PhAT_UnselectedMaterial.uexp" 75
"../../../Engine/Content/EditorMaterials/PreviewShadowIndicator.ubulk" 76
"../../../Engine/Content/EditorMaterials/PreviewShadowIndicator.uasset" 77
"../../../Engine/Content/EditorMaterials/PreviewShadowIndicator.uexp" 78
"../../../Engine/Content/EditorMaterials/PreviewShadowIndicatorMaterial.uasset" 79
"../../../Engine/Content/EditorMaterials/PreviewShadowIndicatorMaterial.uexp" 80
"../../../Engine/Plugins/Interchange/Assets/Content/Functions/MX_OrenNayarBSDF.uasset" 81
"../../../Engine/Plugins/Interchange/Assets/Content/Functions/MX_OrenNayarBSDF.uexp" 82
"../../../Engine/Content/EngineMaterials/T_Default_Material_Grid_M.ubulk" 83
"../../../Engine/Content/EngineMaterials/T_Default_Material_Grid_M.uasset" 84
"../../../Engine/Content/EngineMaterials/T_Default_Material_Grid_M.uexp" 85
"../../../Engine/Content/EngineMaterials/T_Default_Material_Grid_N.ubulk" 86
"../../../Engine/Content/EngineMaterials/T_Default_Material_Grid_N.uasset" 87
"../../../Engine/Content/EngineMaterials/T_Default_Material_Grid_N.uexp" 88
"../../../Engine/Content/Functions/Engine_MaterialFunctions01/Opacity/CameraDepthFade.uasset" 89
"../../../Engine/Content/Functions/Engine_MaterialFunctions01/Opacity/CameraDepthFade.uexp" 90
"../../../Engine/Content/EngineMaterials/WorldGridMaterial.uasset" 91
"../../../Engine/Content/EngineMaterials/WorldGridMaterial.uexp" 92
"../../../Engine/Plugins/Media/MediaPlate/Content/SM_MediaPlateScreen.ubulk" 93
"../../../Engine/Plugins/Media/MediaPlate/Content/SM_MediaPlateScreen.uasset" 94
"../../../Engine/Plugins/Media/MediaPlate/Content/SM_MediaPlateScreen.uexp" 95
"../../../Engine/Plugins/NNE/NNEDenoiser/Content/NNEDIM_ColorAlbedoNormal_Alpha.uasset" 96
"../../../Engine/Plugins/NNE/NNEDenoiser/Content/NNEDIM_ColorAlbedoNormal_Alpha.uexp" 97
"../../../Engine/Plugins/NNE/NNEDenoiser/Content/NNEDIM_ColorAlbedoNormal_Default.uasset" 98
"../../../Engine/Plugins/NNE/NNEDenoiser/Content/NNEDIM_ColorAlbedoNormal_Default.uexp" 99
"../../../Engine/Plugins/NNE/NNEDenoiser/Content/NNEDIM_HighQuality_Alpha.uasset" 100
"../../../Engine/Plugins/NNE/NNEDenoiser/Content/NNEDIM_HighQuality_Alpha.uexp" 101
"../../../Engine/Plugins/NNE/NNEDenoiser/Content/NNEDIM_HighQuality_Default.uasset" 102
"../../../Engine/Plugins/NNE/NNEDenoiser/Content/NNEDIM_HighQuality_Default.uexp" 103
"../../../Engine/Plugins/NNE/NNEDenoiser/Content/NNEDOM_Output_Alpha.uasset" 104
"../../../Engine/Plugins/NNE/NNEDenoiser/Content/NNEDOM_Output_Alpha.uexp" 105
"../../../Engine/Plugins/NNE/NNEDenoiser/Content/NNEDOM_Output_Default.uasset" 106
"../../../Engine/Plugins/NNE/NNEDenoiser/Content/NNEDOM_Output_Default.uexp" 107
"../../../Engine/Plugins/NNE/NNEDenoiser/Content/NNEDTIM_ColorAlbedoNormal_Alpha.uasset" 108
"../../../Engine/Plugins/NNE/NNEDenoiser/Content/NNEDTIM_ColorAlbedoNormal_Alpha.uexp" 109
"../../../Engine/Plugins/NNE/NNEDenoiser/Content/NNEDTIM_ColorAlbedoNormal_Default.uasset" 110
"../../../Engine/Plugins/NNE/NNEDenoiser/Content/NNEDTIM_ColorAlbedoNormal_Default.uexp" 111
"../../../Engine/Plugins/NNE/NNEDenoiser/Content/NNEDTOM_Output_Alpha.uasset" 112
"../../../Engine/Plugins/NNE/NNEDenoiser/Content/NNEDTOM_Output_Alpha.uexp" 113
"../../../Engine/Plugins/NNE/NNEDenoiser/Content/NNEDTOM_Output_Default.uasset" 114
"../../../Engine/Plugins/NNE/NNEDenoiser/Content/NNEDTOM_Output_Default.uexp" 115
"../../../Engine/Plugins/NNE/NNEDenoiser/Content/NNE_oidn2-3-0_rt_hdr_alb_nrm_small__dyn__fp16_opset11_DenoiseAlpha.uasset" 116
"../../../Engine/Plugins/NNE/NNEDenoiser/Content/NNE_oidn2-3-0_rt_hdr_alb_nrm_small__dyn__fp16_opset11_DenoiseAlpha.uexp" 117
"../../../Engine/Plugins/NNE/NNEDenoiser/Content/NNE_oidn2-3-0_rt_hdr_alb_nrm_small__dyn__fp16_opset11_ForwardAlpha.uasset" 118
"../../../Engine/Plugins/NNE/NNEDenoiser/Content/NNE_oidn2-3-0_rt_hdr_alb_nrm_small__dyn__fp16_opset11_ForwardAlpha.uexp" 119
"../../../Engine/Plugins/Interchange/Assets/Content/Functions/MX_SheenBSDF.uasset" 120
"../../../Engine/Plugins/Interchange/Assets/Content/Functions/MX_SheenBSDF.uexp" 121
"../../../Engine/Plugins/NNE/NNEDenoiser/Content/NNE_oidn2-3-0_rt_hdr_alb_nrm__dyn__fp16_opset11_DenoiseAlpha.uasset" 122
"../../../Engine/Plugins/NNE/NNEDenoiser/Content/NNE_oidn2-3-0_rt_hdr_alb_nrm__dyn__fp16_opset11_DenoiseAlpha.uexp" 123
"../../../Engine/Plugins/NNE/NNEDenoiser/Content/NNE_oidn2-3-0_rt_hdr_alb_nrm__dyn__fp16_opset11_ForwardAlpha.uasset" 124
"../../../Engine/Plugins/NNE/NNEDenoiser/Content/NNE_oidn2-3-0_rt_hdr_alb_nrm__dyn__fp16_opset11_ForwardAlpha.uexp" 125
"../../../Engine/Content/EngineMaterials/DefaultBloomKernel.uasset" 126
"../../../Engine/Content/EngineMaterials/DefaultBloomKernel.uexp" 127
"../../../Engine/Plugins/NNE/NNEDenoiser/Content/NNE_oidn2-3-0_rt_hdr_calb_cnrm_large__dyn__fp16_opset11_DenoiseAlpha.uasset" 128
"../../../Engine/Plugins/NNE/NNEDenoiser/Content/NNE_oidn2-3-0_rt_hdr_calb_cnrm_large__dyn__fp16_opset11_DenoiseAlpha.uexp" 129
"../../../Engine/Plugins/NNE/NNEDenoiser/Content/NNE_oidn2-3-0_rt_hdr_calb_cnrm_large__dyn__fp16_opset11_ForwardAlpha.uasset" 130
"../../../Engine/Plugins/NNE/NNEDenoiser/Content/NNE_oidn2-3-0_rt_hdr_calb_cnrm_large__dyn__fp16_opset11_ForwardAlpha.uexp" 131
"../../../Engine/Content/EngineMaterials/DefaultBokeh.uasset" 132
"../../../Engine/Content/EngineMaterials/DefaultBokeh.uexp" 133
"../../../Engine/Plugins/Interchange/Assets/Content/Functions/MX_SubsurfaceBSDF.uasset" 134
"../../../Engine/Plugins/Interchange/Assets/Content/Functions/MX_SubsurfaceBSDF.uexp" 135
"../../../Engine/Plugins/Interchange/Assets/Content/Functions/MX_Surface.uasset" 136
"../../../Engine/Plugins/Interchange/Assets/Content/Functions/MX_Surface.uexp" 137
"../../../Engine/Plugins/Interchange/Assets/Content/Functions/MX_SurfaceUnlit.uasset" 138
"../../../Engine/Plugins/Interchange/Assets/Content/Functions/MX_SurfaceUnlit.uexp" 139
"../../../Engine/Plugins/Interchange/Assets/Content/Functions/MX_TranslucentBSDF.uasset" 140
"../../../Engine/Plugins/Interchange/Assets/Content/Functions/MX_TranslucentBSDF.uexp" 141
"../../../Engine/Content/EngineMaterials/DefaultDiffuse.ubulk" 142
"../../../Engine/Content/EngineMaterials/DefaultDiffuse.uasset" 143
"../../../Engine/Content/EngineMaterials/DefaultDiffuse.uexp" 144
"../../../Engine/Content/EngineMaterials/DefaultDeferredDecalMaterial.uasset" 145
"../../../Engine/Content/EngineMaterials/DefaultDeferredDecalMaterial.uexp" 146
"../../../Engine/Content/EngineMaterials/DefaultDestructiblePhysicalMaterial.uasset" 147
"../../../Engine/Content/EngineMaterials/DefaultDestructiblePhysicalMaterial.uexp" 148
"../../../Engine/Plugins/Interchange/Assets/Content/Functions/MX_UniformEDF.uasset" 149
"../../../Engine/Plugins/Interchange/Assets/Content/Functions/MX_UniformEDF.uexp" 150
"../../../Engine/Plugins/Interchange/Assets/Content/Functions/MX_UsdPreviewSurface.uasset" 151
"../../../Engine/Plugins/Interchange/Assets/Content/Functions/MX_UsdPreviewSurface.uexp" 152
"../../../Engine/Content/EngineMaterials/DefaultLightFunctionMaterial.uasset" 153
"../../../Engine/Content/EngineMaterials/DefaultLightFunctionMaterial.uexp" 154
"../../../Engine/Content/EngineMaterials/DefaultPhysicalMaterial.uasset" 155
"../../../Engine/Content/EngineMaterials/DefaultPhysicalMaterial.uexp" 156
"../../../Engine/Content/Functions/Engine_MaterialFunctions02/Utility/BreakOutFloat2Components.uasset" 157
"../../../Engine/Content/Functions/Engine_MaterialFunctions02/Utility/BreakOutFloat2Components.uexp" 158
"../../../Engine/Content/EngineMaterials/DefaultPostProcessMaterial.uasset" 159
"../../../Engine/Content/EngineMaterials/DefaultPostProcessMaterial.uexp" 160
"../../../Engine/Content/EngineFonts/RobotoDistanceField.uasset" 161
"../../../Engine/Content/EngineFonts/RobotoDistanceField.uexp" 162
"../../../Engine/Content/EngineMaterials/DefaultTextMaterialOpaque.uasset" 163
"../../../Engine/Content/EngineMaterials/DefaultTextMaterialOpaque.uexp" 164
"../../../Engine/Content/EngineMaterials/DefaultWhiteGrid.ubulk" 165
"../../../Engine/Content/EngineMaterials/DefaultWhiteGrid.uasset" 166
"../../../Engine/Content/EngineMaterials/DefaultWhiteGrid.uexp" 167
"../../../Engine/Content/EngineMaterials/DefaultWhiteGrid_Low.uasset" 168
"../../../Engine/Content/EngineMaterials/DefaultWhiteGrid_Low.uexp" 169
"../../../Engine/Content/EngineMaterials/EmissiveMeshMaterial.uasset" 170
"../../../Engine/Content/EngineMaterials/EmissiveMeshMaterial.uexp" 171
"../../../Engine/Content/EngineMaterials/FastBlueNoise_scalar_128x128x64.uasset" 172
"../../../Engine/Content/EngineMaterials/FastBlueNoise_scalar_128x128x64.uexp" 173
"../../../Engine/Content/EngineMaterials/FastBlueNoise_scalar_128x128x8.uasset" 174
"../../../Engine/Content/EngineMaterials/FastBlueNoise_scalar_128x128x8.uexp" 175
"../../../Engine/Content/EngineMaterials/FastBlueNoise_vec2_128x128x64.uasset" 176
"../../../Engine/Content/EngineMaterials/FastBlueNoise_vec2_128x128x64.uexp" 177
"../../../Engine/Content/EngineMaterials/BaseFlattenDiffuseMap.uasset" 178
"../../../Engine/Content/EngineMaterials/BaseFlattenDiffuseMap.uexp" 179
"../../../Engine/Content/EngineMaterials/BaseFlattenEmissiveMap.uasset" 180
"../../../Engine/Content/EngineMaterials/BaseFlattenEmissiveMap.uexp" 181
"../../../Engine/Content/EngineMaterials/BaseFlattenGrayscaleMap.uasset" 182
"../../../Engine/Content/EngineMaterials/BaseFlattenGrayscaleMap.uexp" 183
"../../../Engine/Content/EngineMaterials/BaseFlattenLinearColor.uasset" 184
"../../../Engine/Content/EngineMaterials/BaseFlattenLinearColor.uexp" 185
"../../../Engine/Content/EngineMaterials/BaseFlattenNormalMap.uasset" 186
"../../../Engine/Content/EngineMaterials/BaseFlattenNormalMap.uexp" 187
"../../../Engine/Content/Functions/Engine_MaterialFunctions02/PivotPainter2/Black_1x1_EXR_Texture.uasset" 188
"../../../Engine/Content/Functions/Engine_MaterialFunctions02/PivotPainter2/Black_1x1_EXR_Texture.uexp" 189
"../../../Engine/Content/EngineMaterials/FlattenMaterial.uasset" 190
"../../../Engine/Content/EngineMaterials/FlattenMaterial.uexp" 191
"../../../Engine/Content/EngineMaterials/BaseFlattenDiffuseMap_VT.ubulk" 192
"../../../Engine/Content/EngineMaterials/BaseFlattenDiffuseMap_VT.uasset" 193
"../../../Engine/Content/EngineMaterials/BaseFlattenDiffuseMap_VT.uexp" 194
"../../../Engine/Content/EngineMaterials/BaseFlattenEmissiveMap_VT.ubulk" 195
"../../../Engine/Content/EngineMaterials/BaseFlattenEmissiveMap_VT.uasset" 196
"../../../Engine/Content/EngineMaterials/BaseFlattenEmissiveMap_VT.uexp" 197
"../../../Engine/Content/EngineMaterials/BaseFlattenGrayscaleMap_VT.ubulk" 198
"../../../Engine/Content/EngineMaterials/BaseFlattenGrayscaleMap_VT.uasset" 199
"../../../Engine/Content/EngineMaterials/BaseFlattenGrayscaleMap_VT.uexp" 200
"../../../Engine/Content/EngineMaterials/BaseFlattenLinearColor_VT.ubulk" 201
"../../../Engine/Content/EngineMaterials/BaseFlattenLinearColor_VT.uasset" 202
"../../../Engine/Content/EngineMaterials/BaseFlattenLinearColor_VT.uexp" 203
"../../../Engine/Content/EngineMaterials/BaseFlattenNormalMap_VT.ubulk" 204
"../../../Engine/Content/EngineMaterials/BaseFlattenNormalMap_VT.uasset" 205
"../../../Engine/Content/EngineMaterials/BaseFlattenNormalMap_VT.uexp" 206
"../../../Engine/Content/EngineMaterials/Black_1x1_EXR_Texture_VT.ubulk" 207
"../../../Engine/Content/EngineMaterials/Black_1x1_EXR_Texture_VT.uasset" 208
"../../../Engine/Content/EngineMaterials/Black_1x1_EXR_Texture_VT.uexp" 209
"../../../Engine/Content/EngineMaterials/FlattenMaterial_VT.uasset" 210
"../../../Engine/Content/EngineMaterials/FlattenMaterial_VT.uexp" 211
"../../../Engine/Content/EngineMaterials/FlattenMaterial_WS_Normal_VT.uasset" 212
"../../../Engine/Content/EngineMaterials/FlattenMaterial_WS_Normal_VT.uexp" 213
"../../../Engine/Content/EngineMaterials/GizmoMaterial.uasset" 214
"../../../Engine/Content/EngineMaterials/GizmoMaterial.uexp" 215
"../../../Engine/Content/EditorResources/BSPVertex.uasset" 216
"../../../Engine/Content/EditorResources/BSPVertex.uexp" 217
"../../../Engine/Content/Functions/Engine_MaterialFunctions02/Utility/MakeFloat3.uasset" 218
"../../../Engine/Content/Functions/Engine_MaterialFunctions02/Utility/MakeFloat3.uexp" 219
"../../../Engine/Content/Functions/Engine_MaterialFunctions02/SplitComponents.uasset" 220
"../../../Engine/Content/Functions/Engine_MaterialFunctions02/SplitComponents.uexp" 221
"../../../Engine/Content/Functions/Engine_MaterialFunctions02/Math/Transform3x3Matrix.uasset" 222
"../../../Engine/Content/Functions/Engine_MaterialFunctions02/Math/Transform3x3Matrix.uexp" 223
"../../../Engine/Content/VREditor/SnapGrid/SnapGridMaterial.uasset" 224
"../../../Engine/Content/VREditor/SnapGrid/SnapGridMaterial.uexp" 225
"../../../Engine/Content/VREditor/SnapGrid/SnapGridPlaneMesh.ubulk" 226
"../../../Engine/Content/VREditor/SnapGrid/SnapGridPlaneMesh.uasset" 227
"../../../Engine/Content/VREditor/SnapGrid/SnapGridPlaneMesh.uexp" 228
"../../../Engine/Content/VREditor/LaserPointer/VR_LaserPower_01.ubulk" 229
"../../../Engine/Content/VREditor/LaserPointer/VR_LaserPower_01.uasset" 230
"../../../Engine/Content/VREditor/LaserPointer/VR_LaserPower_01.uexp" 231
"../../../Engine/Content/VREditor/TransformGizmo/TransformGizmoMaterial.uasset" 232
"../../../Engine/Content/VREditor/TransformGizmo/TransformGizmoMaterial.uexp" 233
"../../../Engine/Content/VREditor/TransformGizmo/TranslucentTransformGizmoMaterial.uasset" 234
"../../../Engine/Content/VREditor/TransformGizmo/TranslucentTransformGizmoMaterial.uexp" 235
"../../../Engine/Content/VREditor/TransformGizmo/PlaneTranslationHandle.ubulk" 236
"../../../Engine/Content/VREditor/TransformGizmo/PlaneTranslationHandle.uasset" 237
"../../../Engine/Content/VREditor/TransformGizmo/PlaneTranslationHandle.uexp" 238
"../../../Engine/Content/VREditor/TransformGizmo/RotationHandleFull.ubulk" 239
"../../../Engine/Content/VREditor/TransformGizmo/RotationHandleFull.uasset" 240
"../../../Engine/Content/VREditor/TransformGizmo/RotationHandleFull.uexp" 241
"../../../Engine/Content/VREditor/TransformGizmo/RotationHandleIndicator.ubulk" 242
"../../../Engine/Content/VREditor/TransformGizmo/RotationHandleIndicator.uasset" 243
"../../../Engine/Content/VREditor/TransformGizmo/RotationHandleIndicator.uexp" 244
"../../../Engine/Content/VREditor/TransformGizmo/RotationHandleQuarter.ubulk" 245
"../../../Engine/Content/VREditor/TransformGizmo/RotationHandleQuarter.uasset" 246
"../../../Engine/Content/VREditor/TransformGizmo/RotationHandleQuarter.uexp" 247
"../../../Engine/Content/VREditor/TransformGizmo/StartRotationHandleIndicator.ubulk" 248
"../../../Engine/Content/VREditor/TransformGizmo/StartRotationHandleIndicator.uasset" 249
"../../../Engine/Content/VREditor/TransformGizmo/StartRotationHandleIndicator.uexp" 250
"../../../Engine/Content/VREditor/TransformGizmo/TranslucentTransformGizmoMaterial_Inst.uasset" 251
"../../../Engine/Content/VREditor/TransformGizmo/TranslucentTransformGizmoMaterial_Inst.uexp" 252
"../../../Engine/Content/VREditor/TransformGizmo/TransformGizmoFreeRotation.ubulk" 253
"../../../Engine/Content/VREditor/TransformGizmo/TransformGizmoFreeRotation.uasset" 254
"../../../Engine/Content/VREditor/TransformGizmo/TransformGizmoFreeRotation.uexp" 255
"../../../Engine/Content/VREditor/TransformGizmo/TransformGizmoMaterial_Inst.uasset" 256
"../../../Engine/Content/VREditor/TransformGizmo/TransformGizmoMaterial_Inst.uexp" 257
"../../../Engine/Content/VREditor/TransformGizmo/TranslateArrowHandle.ubulk" 258
"../../../Engine/Content/VREditor/TransformGizmo/TranslateArrowHandle.uasset" 259
"../../../Engine/Content/VREditor/TransformGizmo/TranslateArrowHandle.uexp" 260
"../../../Engine/Content/VREditor/TransformGizmo/UniformScaleHandle.ubulk" 261
"../../../Engine/Content/VREditor/TransformGizmo/UniformScaleHandle.uasset" 262
"../../../Engine/Content/VREditor/TransformGizmo/UniformScaleHandle.uexp" 263
"../../../Engine/Content/VREditor/Sounds/UI/Drop_Item_From_ContentBrowser.ubulk" 264
"../../../Engine/Content/VREditor/Sounds/UI/Drop_Item_From_ContentBrowser.uasset" 265
"../../../Engine/Content/VREditor/Sounds/UI/Drop_Item_From_ContentBrowser.uexp" 266
"../../../Engine/Content/VREditor/Sounds/UI/Gizmo_Handle_Clicked.ubulk" 267
"../../../Engine/Content/VREditor/Sounds/UI/Gizmo_Handle_Clicked.uasset" 268
"../../../Engine/Content/VREditor/Sounds/UI/Gizmo_Handle_Clicked.uexp" 269
"../../../Engine/Content/VREditor/Sounds/UI/Object_PickUp.ubulk" 270
"../../../Engine/Content/VREditor/Sounds/UI/Object_PickUp.uasset" 271
"../../../Engine/Content/VREditor/Sounds/UI/Object_PickUp.uexp" 272
"../../../Engine/Content/VREditor/Sounds/UI/Object_Snaps_To_Another_Actor.ubulk" 273
"../../../Engine/Content/VREditor/Sounds/UI/Object_Snaps_To_Another_Actor.uasset" 274
"../../../Engine/Content/VREditor/Sounds/UI/Object_Snaps_To_Another_Actor.uexp" 275
"../../../Engine/Content/VREditor/Sounds/UI/Object_Snaps_To_Grid.ubulk" 276
"../../../Engine/Content/VREditor/Sounds/UI/Object_Snaps_To_Grid.uasset" 277
"../../../Engine/Content/VREditor/Sounds/UI/Object_Snaps_To_Grid.uexp" 278
"../../../Engine/Content/VREditor/Sounds/UI/Scaling_Down.ubulk" 279
"../../../Engine/Content/VREditor/Sounds/UI/Scaling_Down.uasset" 280
"../../../Engine/Content/VREditor/Sounds/UI/Scaling_Down.uexp" 281
"../../../Engine/Content/VREditor/Sounds/UI/Scaling_Up.ubulk" 282
"../../../Engine/Content/VREditor/Sounds/UI/Scaling_Up.uasset" 283
"../../../Engine/Content/VREditor/Sounds/UI/Scaling_Up.uexp" 284
"../../../Engine/Content/VREditor/Sounds/UI/Selection_Changes.ubulk" 285
"../../../Engine/Content/VREditor/Sounds/UI/Selection_Changes.uasset" 286
"../../../Engine/Content/VREditor/Sounds/UI/Selection_Changes.uexp" 287
"../../../Engine/Plugins/Animation/ControlRig/Content/Controls/ControlRigGizmoMaterial.uasset" 288
"../../../Engine/Plugins/Animation/ControlRig/Content/Controls/ControlRigGizmoMaterial.uexp" 289
"../../../Engine/Plugins/Animation/ControlRig/Content/Controls/ControlRigXRayMaterial.uasset" 290
"../../../Engine/Plugins/Animation/ControlRig/Content/Controls/ControlRigXRayMaterial.uexp" 291
"../../../Engine/Plugins/Animation/ControlRig/Content/Controls/ControlRig_Arrow2_1mm.ubulk" 292
"../../../Engine/Plugins/Animation/ControlRig/Content/Controls/ControlRig_Arrow2_1mm.uasset" 293
"../../../Engine/Plugins/Animation/ControlRig/Content/Controls/ControlRig_Arrow2_1mm.uexp" 294
"../../../Engine/Content/Functions/Engine_MaterialFunctions02/Utility/CameraDirectionVector.uasset" 295
"../../../Engine/Content/Functions/Engine_MaterialFunctions02/Utility/CameraDirectionVector.uexp" 296
"../../../Engine/Plugins/Experimental/MeshModelingToolsetExp/Content/Materials/GetDisplacementVectorForDepthBias.uasset" 297
"../../../Engine/Plugins/Experimental/MeshModelingToolsetExp/Content/Materials/GetDisplacementVectorForDepthBias.uexp" 298
"../../../Engine/Content/Functions/Engine_MaterialFunctions03/Viewport/MF_OrthoWidth.uasset" 299
"../../../Engine/Content/Functions/Engine_MaterialFunctions03/Viewport/MF_OrthoWidth.uexp" 300
"../../../Engine/Content/Functions/Engine_MaterialFunctions02/Utility/FOV.uasset" 301
"../../../Engine/Content/Functions/Engine_MaterialFunctions02/Utility/FOV.uexp" 302
"../../../Engine/Content/Functions/Engine_MaterialFunctions02/WorldPositionOffset/V2/ObjectScale.uasset" 303
"../../../Engine/Content/Functions/Engine_MaterialFunctions02/WorldPositionOffset/V2/ObjectScale.uexp" 304
"../../../Engine/Plugins/Experimental/MeshModelingToolsetExp/Content/Materials/PointSetOverlaidComponentMaterial.uasset" 305
"../../../Engine/Plugins/Experimental/MeshModelingToolsetExp/Content/Materials/PointSetOverlaidComponentMaterial.uexp" 306
"../../../Engine/Plugins/Animation/ControlRig/Content/Controls/ControlRig_Arrow2_3mm.ubulk" 307
"../../../Engine/Plugins/Animation/ControlRig/Content/Controls/ControlRig_Arrow2_3mm.uasset" 308
"../../../Engine/Plugins/Animation/ControlRig/Content/Controls/ControlRig_Arrow2_3mm.uexp" 309
"../../../Engine/Plugins/Animation/ControlRig/Content/Controls/ControlRig_Arrow2_solid.ubulk" 310
"../../../Engine/Plugins/Animation/ControlRig/Content/Controls/ControlRig_Arrow2_solid.uasset" 311
"../../../Engine/Plugins/Animation/ControlRig/Content/Controls/ControlRig_Arrow2_solid.uexp" 312
"../../../Engine/Content/EditorResources/S_Actor.ubulk" 313
"../../../Engine/Content/EditorResources/S_Actor.uasset" 314
"../../../Engine/Content/EditorResources/S_Actor.uexp" 315
"../../../Engine/Plugins/Animation/ControlRig/Content/Controls/ControlRig_Arrow4_1mm.ubulk" 316
"../../../Engine/Plugins/Animation/ControlRig/Content/Controls/ControlRig_Arrow4_1mm.uasset" 317
"../../../Engine/Plugins/Animation/ControlRig/Content/Controls/ControlRig_Arrow4_1mm.uexp" 318
"../../../Engine/Plugins/Animation/ControlRig/Content/Controls/ControlRig_Arrow4_3mm.ubulk" 319
"../../../Engine/Plugins/Animation/ControlRig/Content/Controls/ControlRig_Arrow4_3mm.uasset" 320
"../../../Engine/Plugins/Animation/ControlRig/Content/Controls/ControlRig_Arrow4_3mm.uexp" 321
"../../../Engine/Content/EditorResources/S_BoxReflectionCapture.uasset" 322
"../../../Engine/Content/EditorResources/S_BoxReflectionCapture.uexp" 323
"../../../Engine/Content/Animation/DefaultRecorderBoneCompression.uasset" 324
"../../../Engine/Content/Animation/DefaultRecorderBoneCompression.uexp" 325
"../../../Engine/Plugins/Animation/ControlRig/Content/Controls/ControlRig_Arrow4_solid.ubulk" 326
"../../../Engine/Plugins/Animation/ControlRig/Content/Controls/ControlRig_Arrow4_solid.uasset" 327
"../../../Engine/Plugins/Animation/ControlRig/Content/Controls/ControlRig_Arrow4_solid.uexp" 328
"../../../Engine/Content/EngineMaterials/MiniFont.uasset" 329
"../../../Engine/Content/EngineMaterials/MiniFont.uexp" 330
"../../../Engine/Content/BasicShapes/BasicShapeMaterial.uasset" 331
"../../../Engine/Content/BasicShapes/BasicShapeMaterial.uexp" 332
"../../../Engine/Content/EngineMaterials/InvalidLightmapSettings.ubulk" 333
"../../../Engine/Content/EngineMaterials/InvalidLightmapSettings.uasset" 334
"../../../Engine/Content/EngineMaterials/InvalidLightmapSettings.uexp" 335
"../../../Engine/Content/EngineMaterials/M_InvalidLightmapSettings.uasset" 336
"../../../Engine/Content/EngineMaterials/M_InvalidLightmapSettings.uexp" 337
"../../../Engine/Plugins/Animation/ControlRig/Content/Controls/ControlRig_Arrow_1mm.ubulk" 338
"../../../Engine/Plugins/Animation/ControlRig/Content/Controls/ControlRig_Arrow_1mm.uasset" 339
"../../../Engine/Plugins/Animation/ControlRig/Content/Controls/ControlRig_Arrow_1mm.uexp" 340
"../../../Engine/Content/EngineMaterials/NaniteHiddenSectionMaterial.uasset" 341
"../../../Engine/Content/EngineMaterials/NaniteHiddenSectionMaterial.uexp" 342
"../../../Engine/Plugins/Animation/ControlRig/Content/Controls/ControlRig_Arrow_3mm.ubulk" 343
"../../../Engine/Plugins/Animation/ControlRig/Content/Controls/ControlRig_Arrow_3mm.uasset" 344
"../../../Engine/Plugins/Animation/ControlRig/Content/Controls/ControlRig_Arrow_3mm.uexp" 345
"../../../Engine/Content/EngineMaterials/DefaultMaterial.uasset" 346
"../../../Engine/Content/EngineMaterials/DefaultMaterial.uexp" 347
"../../../Engine/Content/BasicShapes/Cone.ubulk" 348
"../../../Engine/Content/BasicShapes/Cone.uasset" 349
"../../../Engine/Content/BasicShapes/Cone.uexp" 350
"../../../Engine/Plugins/Interchange/Assets/Content/Substrate/MX_SimpleVolume.uasset" 351
"../../../Engine/Plugins/Interchange/Assets/Content/Substrate/MX_SimpleVolume.uexp" 352
"../../../Engine/Plugins/Animation/ControlRig/Content/Controls/ControlRig_Arrow_solid.ubulk" 353
"../../../Engine/Plugins/Animation/ControlRig/Content/Controls/ControlRig_Arrow_solid.uasset" 354
"../../../Engine/Plugins/Animation/ControlRig/Content/Controls/ControlRig_Arrow_solid.uexp" 355
"../../../Engine/Content/BasicShapes/Cube.ubulk" 356
"../../../Engine/Content/BasicShapes/Cube.uasset" 357
"../../../Engine/Content/BasicShapes/Cube.uexp" 358
"../../../Engine/Plugins/Animation/ControlRig/Content/Controls/ControlRig_Box_1mm.ubulk" 359
"../../../Engine/Plugins/Animation/ControlRig/Content/Controls/ControlRig_Box_1mm.uasset" 360
"../../../Engine/Plugins/Animation/ControlRig/Content/Controls/ControlRig_Box_1mm.uexp" 361
"../../../Engine/Plugins/Animation/ControlRig/Content/Controls/ControlRig_Box_3mm.ubulk" 362
"../../../Engine/Plugins/Animation/ControlRig/Content/Controls/ControlRig_Box_3mm.uasset" 363
"../../../Engine/Plugins/Animation/ControlRig/Content/Controls/ControlRig_Box_3mm.uexp" 364
"../../../Engine/Content/EngineMaterials/PhAT_JointLimitMaterial.uasset" 365
"../../../Engine/Content/EngineMaterials/PhAT_JointLimitMaterial.uexp" 366
"../../../Engine/Content/BasicShapes/Cylinder.ubulk" 367
"../../../Engine/Content/BasicShapes/Cylinder.uasset" 368
"../../../Engine/Content/BasicShapes/Cylinder.uexp" 369
"../../../Engine/Plugins/Animation/ControlRig/Content/Controls/ControlRig_Box_solid.ubulk" 370
"../../../Engine/Plugins/Animation/ControlRig/Content/Controls/ControlRig_Box_solid.uasset" 371
"../../../Engine/Plugins/Animation/ControlRig/Content/Controls/ControlRig_Box_solid.uexp" 372
"../../../Engine/Content/EngineMaterials/DefaultCalibrationColor.uasset" 373
"../../../Engine/Content/EngineMaterials/DefaultCalibrationColor.uexp" 374
"../../../Engine/Content/EngineMaterials/PPM_DefaultCalibrationColor.uasset" 375
"../../../Engine/Content/EngineMaterials/PPM_DefaultCalibrationColor.uexp" 376
"../../../Engine/Plugins/Animation/ControlRig/Content/Controls/ControlRig_Circle_1mm.ubulk" 377
"../../../Engine/Plugins/Animation/ControlRig/Content/Controls/ControlRig_Circle_1mm.uasset" 378
"../../../Engine/Plugins/Animation/ControlRig/Content/Controls/ControlRig_Circle_1mm.uexp" 379
"../../../Engine/Content/EngineMaterials/DefaultCalibrationGrayscale.uasset" 380
"../../../Engine/Content/EngineMaterials/DefaultCalibrationGrayscale.uexp" 381
"../../../Engine/Content/EngineMaterials/PPM_DefaultCalibrationGrayscale.uasset" 382
"../../../Engine/Content/EngineMaterials/PPM_DefaultCalibrationGrayscale.uexp" 383
"../../../Engine/Content/BasicShapes/Plane.ubulk" 384
"../../../Engine/Content/BasicShapes/Plane.uasset" 385
"../../../Engine/Content/BasicShapes/Plane.uexp" 386
"../../../Engine/Plugins/Animation/ControlRig/Content/Controls/ControlRig_Circle_3mm.ubulk" 387
"../../../Engine/Plugins/Animation/ControlRig/Content/Controls/ControlRig_Circle_3mm.uasset" 388
"../../../Engine/Plugins/Animation/ControlRig/Content/Controls/ControlRig_Circle_3mm.uexp" 389
"../../../Engine/Content/BasicShapes/Sphere.ubulk" 390
"../../../Engine/Content/BasicShapes/Sphere.uasset" 391
"../../../Engine/Content/BasicShapes/Sphere.uexp" 392
"../../../Engine/Plugins/Interchange/Runtime/Content/Pipelines/DefaultAssetsPipeline.uasset" 393
"../../../Engine/Plugins/Interchange/Runtime/Content/Pipelines/DefaultAssetsPipeline.uexp" 394
"../../../Engine/Plugins/Interchange/Runtime/Content/Pipelines/DefaultAudioPipeline.uasset" 395
"../../../Engine/Plugins/Interchange/Runtime/Content/Pipelines/DefaultAudioPipeline.uexp" 396
"../../../Engine/Plugins/Interchange/Runtime/Content/Pipelines/DefaultGLTFAssetsPipeline.uasset" 397
"../../../Engine/Plugins/Interchange/Runtime/Content/Pipelines/DefaultGLTFAssetsPipeline.uexp" 398
"../../../Engine/Plugins/Interchange/Runtime/Content/Pipelines/DefaultGLTFPipeline.uasset" 399
"../../../Engine/Plugins/Interchange/Runtime/Content/Pipelines/DefaultGLTFPipeline.uexp" 400
"../../../Engine/Plugins/Interchange/Runtime/Content/Pipelines/DefaultGLTFSceneAssetsPipeline.uasset" 401
"../../../Engine/Plugins/Interchange/Runtime/Content/Pipelines/DefaultGLTFSceneAssetsPipeline.uexp" 402
"../../../Engine/Plugins/Interchange/Runtime/Content/Pipelines/DefaultMaterialPipeline.uasset" 403
"../../../Engine/Plugins/Interchange/Runtime/Content/Pipelines/DefaultMaterialPipeline.uexp" 404
"../../../Engine/Plugins/Interchange/Runtime/Content/Pipelines/DefaultMaterialXPipeline.uasset" 405
"../../../Engine/Plugins/Interchange/Runtime/Content/Pipelines/DefaultMaterialXPipeline.uexp" 406
"../../../Engine/Plugins/Interchange/Runtime/Content/Pipelines/DefaultSceneAssetsPipeline.uasset" 407
"../../../Engine/Plugins/Interchange/Runtime/Content/Pipelines/DefaultSceneAssetsPipeline.uexp" 408
"../../../Engine/Plugins/Interchange/Runtime/Content/Pipelines/DefaultSceneLevelPipeline.uasset" 409
"../../../Engine/Plugins/Interchange/Runtime/Content/Pipelines/DefaultSceneLevelPipeline.uexp" 410
"../../../Engine/Plugins/Interchange/Runtime/Content/Pipelines/DefaultTexturePipeline.uasset" 411
"../../../Engine/Plugins/Interchange/Runtime/Content/Pipelines/DefaultTexturePipeline.uexp" 412
"../../../Engine/Plugins/Animation/ControlRig/Content/Controls/ControlRig_Circle_solid.ubulk" 413
"../../../Engine/Plugins/Animation/ControlRig/Content/Controls/ControlRig_Circle_solid.uasset" 414
"../../../Engine/Plugins/Animation/ControlRig/Content/Controls/ControlRig_Circle_solid.uexp" 415
"../../../Engine/Content/EngineMaterials/PreintegratedSkinBRDF.uasset" 416
"../../../Engine/Content/EngineMaterials/PreintegratedSkinBRDF.uexp" 417
"../../../Engine/Plugins/Animation/ControlRig/Content/Controls/ControlRig_Diamond_1mm.ubulk" 418
"../../../Engine/Plugins/Animation/ControlRig/Content/Controls/ControlRig_Diamond_1mm.uasset" 419
"../../../Engine/Plugins/Animation/ControlRig/Content/Controls/ControlRig_Diamond_1mm.uexp" 420
"../../../Engine/Plugins/Animation/ControlRig/Content/Controls/ControlRig_Diamond_3mm.ubulk" 421
"../../../Engine/Plugins/Animation/ControlRig/Content/Controls/ControlRig_Diamond_3mm.uasset" 422
"../../../Engine/Plugins/Animation/ControlRig/Content/Controls/ControlRig_Diamond_3mm.uexp" 423
"../../../Engine/Plugins/Animation/ControlRig/Content/Controls/ControlRig_Diamond_solid.ubulk" 424
"../../../Engine/Plugins/Animation/ControlRig/Content/Controls/ControlRig_Diamond_solid.uasset" 425
"../../../Engine/Plugins/Animation/ControlRig/Content/Controls/ControlRig_Diamond_solid.uexp" 426
"../../../Engine/Plugins/Animation/ControlRig/Content/Controls/ControlRig_HalfCircle_1mm.ubulk" 427
"../../../Engine/Plugins/Animation/ControlRig/Content/Controls/ControlRig_HalfCircle_1mm.uasset" 428
"../../../Engine/Plugins/Animation/ControlRig/Content/Controls/ControlRig_HalfCircle_1mm.uexp" 429
"../../../Engine/Plugins/Animation/ControlRig/Content/Controls/ControlRig_HalfCircle_3mm.ubulk" 430
"../../../Engine/Plugins/Animation/ControlRig/Content/Controls/ControlRig_HalfCircle_3mm.uasset" 431
"../../../Engine/Plugins/Animation/ControlRig/Content/Controls/ControlRig_HalfCircle_3mm.uexp" 432
"../../../Engine/Content/EngineMaterials/RemoveSurfaceMaterial.uasset" 433
"../../../Engine/Content/EngineMaterials/RemoveSurfaceMaterial.uexp" 434
"../../../Engine/Plugins/Animation/ControlRig/Content/Controls/ControlRig_HalfCircle_solid.ubulk" 435
"../../../Engine/Plugins/Animation/ControlRig/Content/Controls/ControlRig_HalfCircle_solid.uasset" 436
"../../../Engine/Plugins/Animation/ControlRig/Content/Controls/ControlRig_HalfCircle_solid.uexp" 437
"../../../Engine/Content/EditorResources/S_Solver.ubulk" 438
"../../../Engine/Content/EditorResources/S_Solver.uasset" 439
"../../../Engine/Content/EditorResources/S_Solver.uexp" 440
"../../../Engine/Plugins/Animation/ControlRig/Content/Controls/ControlRig_Hexagon_1mm.ubulk" 441
"../../../Engine/Plugins/Animation/ControlRig/Content/Controls/ControlRig_Hexagon_1mm.uasset" 442
"../../../Engine/Plugins/Animation/ControlRig/Content/Controls/ControlRig_Hexagon_1mm.uexp" 443
"../../../Engine/Content/EngineMaterials/SMAAAreaTex.uasset" 444
"../../../Engine/Content/EngineMaterials/SMAAAreaTex.uexp" 445
"../../../Engine/Content/EditorResources/S_Terrain.ubulk" 446
"../../../Engine/Content/EditorResources/S_Terrain.uasset" 447
"../../../Engine/Content/EditorResources/S_Terrain.uexp" 448
"../../../Engine/Plugins/Animation/ControlRig/Content/Controls/ControlRig_Hexagon_3mm.ubulk" 449
"../../../Engine/Plugins/Animation/ControlRig/Content/Controls/ControlRig_Hexagon_3mm.uasset" 450
"../../../Engine/Plugins/Animation/ControlRig/Content/Controls/ControlRig_Hexagon_3mm.uexp" 451
"../../../Engine/Content/EngineMaterials/SMAASearchTex.uasset" 452
"../../../Engine/Content/EngineMaterials/SMAASearchTex.uexp" 453
"../../../Engine/Plugins/Animation/ControlRig/Content/Controls/ControlRig_Hexagon_solid.ubulk" 454
"../../../Engine/Plugins/Animation/ControlRig/Content/Controls/ControlRig_Hexagon_solid.uasset" 455
"../../../Engine/Plugins/Animation/ControlRig/Content/Controls/ControlRig_Hexagon_solid.uexp" 456
"../../../Engine/Content/EditorResources/S_Trigger.ubulk" 457
"../../../Engine/Content/EditorResources/S_Trigger.uasset" 458
"../../../Engine/Content/EditorResources/S_Trigger.uexp" 459
"../../../Engine/Content/EditorResources/S_TriggerBox.uasset" 460
"../../../Engine/Content/EditorResources/S_TriggerBox.uexp" 461
"../../../Engine/Plugins/Animation/ControlRig/Content/Controls/ControlRig_Octagon_1mm.ubulk" 462
"../../../Engine/Plugins/Animation/ControlRig/Content/Controls/ControlRig_Octagon_1mm.uasset" 463
"../../../Engine/Plugins/Animation/ControlRig/Content/Controls/ControlRig_Octagon_1mm.uexp" 464
"../../../Engine/Content/EditorResources/S_TriggerCapsule.uasset" 465
"../../../Engine/Content/EditorResources/S_TriggerCapsule.uexp" 466
"../../../Engine/Plugins/Animation/ControlRig/Content/Controls/ControlRig_Octagon_3mm.ubulk" 467
"../../../Engine/Plugins/Animation/ControlRig/Content/Controls/ControlRig_Octagon_3mm.uasset" 468
"../../../Engine/Plugins/Animation/ControlRig/Content/Controls/ControlRig_Octagon_3mm.uexp" 469
"../../../Engine/Content/EditorResources/S_TriggerSphere.uasset" 470
"../../../Engine/Content/EditorResources/S_TriggerSphere.uexp" 471
"../../../Engine/Content/EditorLandscapeResources/DefaultAlphaTexture.uasset" 472
"../../../Engine/Content/EditorLandscapeResources/DefaultAlphaTexture.uexp" 473
"../../../Engine/Content/EditorLandscapeResources/ColorMaskBrushMaterial.uasset" 474
"../../../Engine/Content/EditorLandscapeResources/ColorMaskBrushMaterial.uexp" 475
"../../../Engine/Content/EditorLandscapeResources/ColorMaskBrushMaterial_MaskedRegion.uasset" 476
"../../../Engine/Content/EditorLandscapeResources/ColorMaskBrushMaterial_MaskedRegion.uexp" 477
"../../../Engine/Plugins/Animation/ControlRig/Content/Controls/ControlRig_Octagon_solid.ubulk" 478
"../../../Engine/Plugins/Animation/ControlRig/Content/Controls/ControlRig_Octagon_solid.uasset" 479
"../../../Engine/Plugins/Animation/ControlRig/Content/Controls/ControlRig_Octagon_solid.uexp" 480
"../../../Engine/Plugins/Animation/ControlRig/Content/Controls/ControlRig_Pyramid_1mm.ubulk" 481
"../../../Engine/Plugins/Animation/ControlRig/Content/Controls/ControlRig_Pyramid_1mm.uasset" 482
"../../../Engine/Plugins/Animation/ControlRig/Content/Controls/ControlRig_Pyramid_1mm.uexp" 483
"../../../Engine/Plugins/Animation/ControlRig/Content/Controls/ControlRig_Pyramid_3mm.ubulk" 484
"../../../Engine/Plugins/Animation/ControlRig/Content/Controls/ControlRig_Pyramid_3mm.uasset" 485
"../../../Engine/Plugins/Animation/ControlRig/Content/Controls/ControlRig_Pyramid_3mm.uexp" 486
"../../../Engine/Content/EditorLandscapeResources/LandscapeDirtyMaterial.uasset" 487
"../../../Engine/Content/EditorLandscapeResources/LandscapeDirtyMaterial.uexp" 488
"../../../Engine/Plugins/Animation/ControlRig/Content/Controls/ControlRig_Pyramid_solid.ubulk" 489
"../../../Engine/Plugins/Animation/ControlRig/Content/Controls/ControlRig_Pyramid_solid.uasset" 490
"../../../Engine/Plugins/Animation/ControlRig/Content/Controls/ControlRig_Pyramid_solid.uexp" 491
"../../../Engine/Plugins/Animation/ControlRig/Content/Controls/ControlRig_QuarterCircle_1mm.ubulk" 492
"../../../Engine/Plugins/Animation/ControlRig/Content/Controls/ControlRig_QuarterCircle_1mm.uasset" 493
"../../../Engine/Plugins/Animation/ControlRig/Content/Controls/ControlRig_QuarterCircle_1mm.uexp" 494
"../../../Engine/Content/Functions/Engine_MaterialFunctions01/Texturing/TextureCropping.uasset" 495
"../../../Engine/Content/Functions/Engine_MaterialFunctions01/Texturing/TextureCropping.uexp" 496
"../../../Engine/Content/Functions/Engine_MaterialFunctions02/ExampleContent/DebugNumberStrip.uasset" 497
"../../../Engine/Content/Functions/Engine_MaterialFunctions02/ExampleContent/DebugNumberStrip.uexp" 498
"../../../Engine/Content/Functions/Engine_MaterialFunctions01/Debug/DebugIntValues.uasset" 499
"../../../Engine/Content/Functions/Engine_MaterialFunctions01/Debug/DebugIntValues.uexp" 500
"../../../Engine/Content/Functions/Engine_MaterialFunctions01/Texturing/ScaleUVsByCenter.uasset" 501
"../../../Engine/Content/Functions/Engine_MaterialFunctions01/Texturing/ScaleUVsByCenter.uexp" 502
"../../../Engine/Content/Functions/Engine_MaterialFunctions02/WorldPositionOffset/LocalPosition.uasset" 503
"../../../Engine/Content/Functions/Engine_MaterialFunctions02/WorldPositionOffset/LocalPosition.uexp" 504
"../../../Engine/Content/EditorLandscapeResources/LandscapeLayerUsageMaterial.uasset" 505
"../../../Engine/Content/EditorLandscapeResources/LandscapeLayerUsageMaterial.uexp" 506
"../../../Engine/Plugins/Animation/ControlRig/Content/Controls/ControlRig_QuarterCircle_3mm.ubulk" 507
"../../../Engine/Plugins/Animation/ControlRig/Content/Controls/ControlRig_QuarterCircle_3mm.uasset" 508
"../../../Engine/Plugins/Animation/ControlRig/Content/Controls/ControlRig_QuarterCircle_3mm.uexp" 509
"../../../Engine/Content/EditorLandscapeResources/WhiteSquareTexture.uasset" 510
"../../../Engine/Content/EditorLandscapeResources/WhiteSquareTexture.uexp" 511
"../../../Engine/Content/EditorLandscapeResources/LayerVisMaterial.uasset" 512
"../../../Engine/Content/EditorLandscapeResources/LayerVisMaterial.uexp" 513
"../../../Engine/Plugins/Animation/ControlRig/Content/Controls/ControlRig_QuarterCircle_solid.ubulk" 514
"../../../Engine/Plugins/Animation/ControlRig/Content/Controls/ControlRig_QuarterCircle_solid.uasset" 515
"../../../Engine/Plugins/Animation/ControlRig/Content/Controls/ControlRig_QuarterCircle_solid.uexp" 516
"../../../Engine/Content/Functions/Engine_MaterialFunctions03/Math/WithinRangeFloat2.uasset" 517
"../../../Engine/Content/Functions/Engine_MaterialFunctions03/Math/WithinRangeFloat2.uexp" 518
"../../../Engine/Content/EditorLandscapeResources/MaskBrushMaterial.uasset" 519
"../../../Engine/Content/EditorLandscapeResources/MaskBrushMaterial.uexp" 520
"../../../Engine/Content/EditorLandscapeResources/MaskBrushMaterial_MaskedRegion.uasset" 521
"../../../Engine/Content/EditorLandscapeResources/MaskBrushMaterial_MaskedRegion.uexp" 522
"../../../Engine/Content/EngineMaterials/WeightMapPlaceholderTexture.uasset" 523
"../../../Engine/Content/EngineMaterials/WeightMapPlaceholderTexture.uexp" 524
"../../../Engine/Content/EngineMaterials/WeightMapArrayPlaceholderTexture.uasset" 525
"../../../Engine/Content/EngineMaterials/WeightMapArrayPlaceholderTexture.uexp" 526
"../../../Engine/Plugins/Animation/ControlRig/Content/Controls/ControlRig_RoundedSquare_1mm.ubulk" 527
"../../../Engine/Plugins/Animation/ControlRig/Content/Controls/ControlRig_RoundedSquare_1mm.uasset" 528
"../../../Engine/Plugins/Animation/ControlRig/Content/Controls/ControlRig_RoundedSquare_1mm.uexp" 529
"../../../Engine/Content/EditorLandscapeResources/SelectBrushMaterial.uasset" 530
"../../../Engine/Content/EditorLandscapeResources/SelectBrushMaterial.uexp" 531
"../../../Engine/Content/EditorLandscapeResources/SelectBrushMaterial_Selected.uasset" 532
"../../../Engine/Content/EditorLandscapeResources/SelectBrushMaterial_Selected.uexp" 533
"../../../Engine/Content/EditorLandscapeResources/SelectBrushMaterial_SelectedRegion.uasset" 534
"../../../Engine/Content/EditorLandscapeResources/SelectBrushMaterial_SelectedRegion.uexp" 535
"../../../Engine/Plugins/Animation/ControlRig/Content/Controls/ControlRig_RoundedSquare_3mm.ubulk" 536
"../../../Engine/Plugins/Animation/ControlRig/Content/Controls/ControlRig_RoundedSquare_3mm.uasset" 537
"../../../Engine/Plugins/Animation/ControlRig/Content/Controls/ControlRig_RoundedSquare_3mm.uexp" 538
"../../../Engine/Content/EditorLandscapeResources/SplineEditorMeshMat.uasset" 539
"../../../Engine/Content/EditorLandscapeResources/SplineEditorMeshMat.uexp" 540
"../../../Engine/Content/EditorLandscapeResources/SplineEditorMesh.ubulk" 541
"../../../Engine/Content/EditorLandscapeResources/SplineEditorMesh.uasset" 542
"../../../Engine/Content/EditorLandscapeResources/SplineEditorMesh.uexp" 543
"../../../Engine/Content/EngineResources/WhiteSquareTexture.uasset" 544
"../../../Engine/Content/EngineResources/WhiteSquareTexture.uexp" 545
"../../../Engine/Content/EngineMaterials/Widget3DPassThrough.uasset" 546
"../../../Engine/Content/EngineMaterials/Widget3DPassThrough.uexp" 547
"../../../Engine/Content/EngineMaterials/Widget3DPassThrough_Masked.uasset" 548
"../../../Engine/Content/EngineMaterials/Widget3DPassThrough_Masked.uexp" 549
"../../../Engine/Content/EngineMaterials/Widget3DPassThrough_Opaque.uasset" 550
"../../../Engine/Content/EngineMaterials/Widget3DPassThrough_Opaque.uexp" 551
"../../../Engine/Content/EngineMaterials/Widget3DPassThrough_Masked_OneSided.uasset" 552
"../../../Engine/Content/EngineMaterials/Widget3DPassThrough_Masked_OneSided.uexp" 553
"../../../Engine/Content/EngineDamageTypes/DmgTypeBP_Environmental.uasset" 554
"../../../Engine/Content/EngineDamageTypes/DmgTypeBP_Environmental.uexp" 555
"../../../Engine/Plugins/Animation/ControlRig/Content/Controls/ControlRig_RoundedSquare_solid.ubulk" 556
"../../../Engine/Plugins/Animation/ControlRig/Content/Controls/ControlRig_RoundedSquare_solid.uasset" 557
"../../../Engine/Plugins/Animation/ControlRig/Content/Controls/ControlRig_RoundedSquare_solid.uexp" 558
"../../../Engine/Content/EngineMaterials/Widget3DPassThrough_Opaque_OneSided.uasset" 559
"../../../Engine/Content/EngineMaterials/Widget3DPassThrough_Opaque_OneSided.uexp" 560
"../../../Engine/Content/EngineMaterials/Widget3DPassThrough_Translucent.uasset" 561
"../../../Engine/Content/EngineMaterials/Widget3DPassThrough_Translucent.uexp" 562
"../../../Engine/Content/EngineMaterials/Widget3DPassThrough_Translucent_OneSided.uasset" 563
"../../../Engine/Content/EngineMaterials/Widget3DPassThrough_Translucent_OneSided.uexp" 564
"../../../Engine/Plugins/Animation/ControlRig/Content/Controls/ControlRig_RoundedTriangle_1mm.ubulk" 565
"../../../Engine/Plugins/Animation/ControlRig/Content/Controls/ControlRig_RoundedTriangle_1mm.uasset" 566
"../../../Engine/Plugins/Animation/ControlRig/Content/Controls/ControlRig_RoundedTriangle_1mm.uexp" 567
"../../../Engine/Plugins/Animation/ControlRig/Content/Controls/ControlRig_RoundedTriangle_3mm.ubulk" 568
"../../../Engine/Plugins/Animation/ControlRig/Content/Controls/ControlRig_RoundedTriangle_3mm.uasset" 569
"../../../Engine/Plugins/Animation/ControlRig/Content/Controls/ControlRig_RoundedTriangle_3mm.uexp" 570
"../../../Engine/Plugins/Runtime/AudioWidgets/Content/Resources/ScrubHandleDown_Clamped.uasset" 571
"../../../Engine/Plugins/Runtime/AudioWidgets/Content/Resources/ScrubHandleDown_Clamped.uexp" 572
"../../../Engine/Plugins/Animation/ControlRig/Content/Controls/ControlRig_RoundedTriangle_solid.ubulk" 573
"../../../Engine/Plugins/Animation/ControlRig/Content/Controls/ControlRig_RoundedTriangle_solid.uasset" 574
"../../../Engine/Plugins/Animation/ControlRig/Content/Controls/ControlRig_RoundedTriangle_solid.uexp" 575
"../../../Engine/Plugins/Animation/ControlRig/Content/Controls/ControlRig_Sphere_1mm.ubulk" 576
"../../../Engine/Plugins/Animation/ControlRig/Content/Controls/ControlRig_Sphere_1mm.uasset" 577
"../../../Engine/Plugins/Animation/ControlRig/Content/Controls/ControlRig_Sphere_1mm.uexp" 578
"../../../Engine/Content/EngineDebugMaterials/DebugEditorMaterial.uasset" 579
"../../../Engine/Content/EngineDebugMaterials/DebugEditorMaterial.uexp" 580
"../../../Engine/Plugins/Animation/ControlRig/Content/Controls/ControlRig_Sphere_3mm.ubulk" 581
"../../../Engine/Plugins/Animation/ControlRig/Content/Controls/ControlRig_Sphere_3mm.uasset" 582
"../../../Engine/Plugins/Animation/ControlRig/Content/Controls/ControlRig_Sphere_3mm.uexp" 583
"../../../Engine/Content/EngineDebugMaterials/DebugMeshMaterial.uasset" 584
"../../../Engine/Content/EngineDebugMaterials/DebugMeshMaterial.uexp" 585
"../../../Engine/Plugins/Animation/ControlRig/Content/Controls/ControlRig_Sphere_solid.ubulk" 586
"../../../Engine/Plugins/Animation/ControlRig/Content/Controls/ControlRig_Sphere_solid.uasset" 587
"../../../Engine/Plugins/Animation/ControlRig/Content/Controls/ControlRig_Sphere_solid.uexp" 588
"../../../Engine/Plugins/Animation/ControlRig/Content/Controls/ControlRig_Square_1mm.ubulk" 589
"../../../Engine/Plugins/Animation/ControlRig/Content/Controls/ControlRig_Square_1mm.uasset" 590
"../../../Engine/Plugins/Animation/ControlRig/Content/Controls/ControlRig_Square_1mm.uexp" 591
"../../../Engine/Plugins/Animation/ControlRig/Content/Controls/ControlRig_Square_3mm.ubulk" 592
"../../../Engine/Plugins/Animation/ControlRig/Content/Controls/ControlRig_Square_3mm.uasset" 593
"../../../Engine/Plugins/Animation/ControlRig/Content/Controls/ControlRig_Square_3mm.uexp" 594
"../../../Engine/Plugins/Animation/ControlRig/Content/Controls/ControlRig_Square_solid.ubulk" 595
"../../../Engine/Plugins/Animation/ControlRig/Content/Controls/ControlRig_Square_solid.uasset" 596
"../../../Engine/Plugins/Animation/ControlRig/Content/Controls/ControlRig_Square_solid.uexp" 597
"../../../Engine/Plugins/Animation/ControlRig/Content/Controls/ControlRig_Star4_1mm.ubulk" 598
"../../../Engine/Plugins/Animation/ControlRig/Content/Controls/ControlRig_Star4_1mm.uasset" 599
"../../../Engine/Plugins/Animation/ControlRig/Content/Controls/ControlRig_Star4_1mm.uexp" 600
"../../../Engine/Content/EngineMeshes/Sphere.ubulk" 601
"../../../Engine/Content/EngineMeshes/Sphere.uasset" 602
"../../../Engine/Content/EngineMeshes/Sphere.uexp" 603
"../../../Engine/Plugins/Animation/ControlRig/Content/Controls/ControlRig_Star4_3mm.ubulk" 604
"../../../Engine/Plugins/Animation/ControlRig/Content/Controls/ControlRig_Star4_3mm.uasset" 605
"../../../Engine/Plugins/Animation/ControlRig/Content/Controls/ControlRig_Star4_3mm.uexp" 606
"../../../Engine/Plugins/Animation/ControlRig/Content/Controls/ControlRig_Star4_solid.ubulk" 607
"../../../Engine/Plugins/Animation/ControlRig/Content/Controls/ControlRig_Star4_solid.uasset" 608
"../../../Engine/Plugins/Animation/ControlRig/Content/Controls/ControlRig_Star4_solid.uexp" 609
"../../../Engine/Content/EngineDebugMaterials/M_SimpleUnlitTranslucent.uasset" 610
"../../../Engine/Content/EngineDebugMaterials/M_SimpleUnlitTranslucent.uexp" 611
"../../../Engine/Plugins/Animation/ControlRig/Content/Controls/ControlRig_Triangle_1mm.ubulk" 612
"../../../Engine/Plugins/Animation/ControlRig/Content/Controls/ControlRig_Triangle_1mm.uasset" 613
"../../../Engine/Plugins/Animation/ControlRig/Content/Controls/ControlRig_Triangle_1mm.uexp" 614
"../../../Engine/Content/EngineDebugMaterials/VolumeToRender.uasset" 615
"../../../Engine/Content/EngineDebugMaterials/VolumeToRender.uexp" 616
"../../../Engine/Content/EngineDebugMaterials/M_VolumeRenderSphereTracePP.uasset" 617
"../../../Engine/Content/EngineDebugMaterials/M_VolumeRenderSphereTracePP.uexp" 618
"../../../Engine/Plugins/Animation/ControlRig/Content/Controls/ControlRig_Triangle_3mm.ubulk" 619
"../../../Engine/Plugins/Animation/ControlRig/Content/Controls/ControlRig_Triangle_3mm.uasset" 620
"../../../Engine/Plugins/Animation/ControlRig/Content/Controls/ControlRig_Triangle_3mm.uexp" 621
"../../../Engine/Plugins/Animation/ControlRig/Content/Controls/ControlRig_Triangle_solid.ubulk" 622
"../../../Engine/Plugins/Animation/ControlRig/Content/Controls/ControlRig_Triangle_solid.uasset" 623
"../../../Engine/Plugins/Animation/ControlRig/Content/Controls/ControlRig_Triangle_solid.uexp" 624
"../../../Engine/Plugins/Animation/ControlRig/Content/Controls/ControlRig_Wedge_1mm.ubulk" 625
"../../../Engine/Plugins/Animation/ControlRig/Content/Controls/ControlRig_Wedge_1mm.uasset" 626
"../../../Engine/Plugins/Animation/ControlRig/Content/Controls/ControlRig_Wedge_1mm.uexp" 627
"../../../Engine/Plugins/Animation/ControlRig/Content/Controls/ControlRig_Wedge_3mm.ubulk" 628
"../../../Engine/Plugins/Animation/ControlRig/Content/Controls/ControlRig_Wedge_3mm.uasset" 629
"../../../Engine/Plugins/Animation/ControlRig/Content/Controls/ControlRig_Wedge_3mm.uexp" 630
"../../../Engine/Plugins/Animation/ControlRig/Content/Controls/ControlRig_Wedge_solid.ubulk" 631
"../../../Engine/Plugins/Animation/ControlRig/Content/Controls/ControlRig_Wedge_solid.uasset" 632
"../../../Engine/Plugins/Animation/ControlRig/Content/Controls/ControlRig_Wedge_solid.uexp" 633
"../../../Engine/Plugins/Animation/ControlRig/Content/Controls/DefaultGizmoLibraryNormalized.uasset" 634
"../../../Engine/Plugins/Animation/ControlRig/Content/Controls/DefaultGizmoLibraryNormalized.uexp" 635
"../../../Engine/Content/EngineResources/Black.uasset" 636
"../../../Engine/Content/EngineResources/Black.uexp" 637
"../../../Engine/Plugins/Runtime/HairStrands/Content/Materials/HairCardsDefaultMaterial.uasset" 638
"../../../Engine/Plugins/Runtime/HairStrands/Content/Materials/HairCardsDefaultMaterial.uexp" 639
"../../../Engine/Content/EditorResources/SequenceRecorder/Countdown.uasset" 640
"../../../Engine/Content/EditorResources/SequenceRecorder/Countdown.uexp" 641
"../../../Engine/Content/EditorResources/SequenceRecorder/RecordingIndicator.uasset" 642
"../../../Engine/Content/EditorResources/SequenceRecorder/RecordingIndicator.uexp" 643
"../../../Engine/Content/Functions/Engine_MaterialFunctions02/Utility/MakeFloat2.uasset" 644
"../../../Engine/Content/Functions/Engine_MaterialFunctions02/Utility/MakeFloat2.uexp" 645
"../../../Engine/Content/EngineMaterials/HairColorMap.uasset" 646
"../../../Engine/Content/EngineMaterials/HairColorMap.uexp" 647
"../../../Engine/Content/EngineMaterials/HairDebugColor.uasset" 648
"../../../Engine/Content/EngineMaterials/HairDebugColor.uexp" 649
"../../../Engine/Plugins/Runtime/HairStrands/Content/Materials/HairGroupColors.uasset" 650
"../../../Engine/Plugins/Runtime/HairStrands/Content/Materials/HairGroupColors.uexp" 651
"../../../Engine/Plugins/Runtime/HairStrands/Content/Materials/HairDebugMaterial.uasset" 652
"../../../Engine/Plugins/Runtime/HairStrands/Content/Materials/HairDebugMaterial.uexp" 653
"../../../Engine/Content/EngineResources/DefaultTexture.ubulk" 654
"../../../Engine/Content/EngineResources/DefaultTexture.uasset" 655
"../../../Engine/Content/EngineResources/DefaultTexture.uexp" 656
"../../../Engine/Plugins/Runtime/HairStrands/Content/Materials/HairDefaultMaterial.uasset" 657
"../../../Engine/Plugins/Runtime/HairStrands/Content/Materials/HairDefaultMaterial.uexp" 658
"../../../Engine/Content/EngineResources/DefaultTextureCube.uasset" 659
"../../../Engine/Content/EngineResources/DefaultTextureCube.uexp" 660
"../../../Engine/Plugins/Runtime/HairStrands/Content/Materials/HairMeshesDefaultMaterial.uasset" 661
"../../../Engine/Plugins/Runtime/HairStrands/Content/Materials/HairMeshesDefaultMaterial.uexp" 662
"../../../Engine/Content/EngineResources/DefaultVolumeTexture2D.uasset" 663
"../../../Engine/Content/EngineResources/DefaultVolumeTexture2D.uexp" 664
"../../../Engine/Content/EngineResources/DefaultVolumeTexture.uasset" 665
"../../../Engine/Content/EngineResources/DefaultVolumeTexture.uexp" 666
"../../../Engine/Content/EngineResources/GradientTexture0.uasset" 667
"../../../Engine/Content/EngineResources/GradientTexture0.uexp" 668
"../../../Engine/Content/EngineResources/LandscapeVisibilityLayerInfo.uasset" 669
"../../../Engine/Content/EngineResources/LandscapeVisibilityLayerInfo.uexp" 670
"../../../Engine/Content/EngineMaterials/EnergyConservation/Diffuse_Energy.uasset" 671
"../../../Engine/Content/EngineMaterials/EnergyConservation/Diffuse_Energy.uexp" 672
"../../../Engine/Content/EngineMaterials/EnergyConservation/GGX_ReflectionEnergy.uasset" 673
"../../../Engine/Content/EngineMaterials/EnergyConservation/GGX_ReflectionEnergy.uexp" 674
"../../../Engine/Plugins/Editor/SpeedTreeImporter/Content/SpeedTree9/SpeedTreeBillboard.uasset" 675
"../../../Engine/Plugins/Editor/SpeedTreeImporter/Content/SpeedTree9/SpeedTreeBillboard.uexp" 676
"../../../Engine/Plugins/Editor/SpeedTreeImporter/Content/SpeedTree9/SpeedTreeBillboardMaster.uasset" 677
"../../../Engine/Plugins/Editor/SpeedTreeImporter/Content/SpeedTree9/SpeedTreeBillboardMaster.uexp" 678
"../../../Engine/Content/EngineMaterials/EnergyConservation/GGX_TransmissionEnergyArray.uasset" 679
"../../../Engine/Content/EngineMaterials/EnergyConservation/GGX_TransmissionEnergyArray.uexp" 680
"../../../Engine/Content/EngineMaterials/EnergyConservation/SheenLegacy_Energy.uasset" 681
"../../../Engine/Content/EngineMaterials/EnergyConservation/SheenLegacy_Energy.uexp" 682
"../../../Engine/Content/EngineMaterials/EnergyConservation/Sheen_Energy.uasset" 683
"../../../Engine/Content/EngineMaterials/EnergyConservation/Sheen_Energy.uexp" 684
"../../../Engine/Content/EngineMaterials/LTC/GGX_LTCAmp.uasset" 685
"../../../Engine/Content/EngineMaterials/LTC/GGX_LTCAmp.uexp" 686
"../../../Engine/Content/EngineMaterials/LTC/GGX_LTCMat.uasset" 687
"../../../Engine/Content/EngineMaterials/LTC/GGX_LTCMat.uexp" 688
"../../../Engine/Content/MobileResources/HUD/VirtualJoystick_Background.uasset" 689
"../../../Engine/Content/MobileResources/HUD/VirtualJoystick_Background.uexp" 690
"../../../Engine/Content/MobileResources/HUD/VirtualJoystick_Thumb.uasset" 691
"../../../Engine/Content/MobileResources/HUD/VirtualJoystick_Thumb.uexp" 692
"../../../Engine/Content/MobileResources/HUD/DefaultVirtualJoysticks.uasset" 693
"../../../Engine/Content/MobileResources/HUD/DefaultVirtualJoysticks.uexp" 694
"../../../Engine/Content/EngineMaterials/LTC/Sheen_LTC.uasset" 695
"../../../Engine/Content/EngineMaterials/LTC/Sheen_LTC.uexp" 696
"../../../Engine/Content/EngineResources/Development/ZenLogo_64.uasset" 697
"../../../Engine/Content/EngineResources/Development/ZenLogo_64.uexp" 698
"../../../Engine/Content/EngineResources/FilmGrains/Marcie_Grain_v3_128_M2_000.uasset" 699
"../../../Engine/Content/EngineResources/FilmGrains/Marcie_Grain_v3_128_M2_000.uexp" 700
"../../../Engine/Content/EditorMaterials/Dataflow/DataflowTwoSidedVertexMaterial.uasset" 701
"../../../Engine/Content/EditorMaterials/Dataflow/DataflowTwoSidedVertexMaterial.uexp" 702
"../../../Engine/Content/EditorMaterials/Dataflow/DataflowVertexMaterial.uasset" 703
"../../../Engine/Content/EditorMaterials/Dataflow/DataflowVertexMaterial.uexp" 704
"../../../Engine/Content/VREditor/TransformGizmo/BoundingBoxCorner.ubulk" 705
"../../../Engine/Content/VREditor/TransformGizmo/BoundingBoxCorner.uasset" 706
"../../../Engine/Content/VREditor/TransformGizmo/BoundingBoxCorner.uexp" 707
"../../../Engine/Content/VREditor/TransformGizmo/BoundingBoxEdge.ubulk" 708
"../../../Engine/Content/VREditor/TransformGizmo/BoundingBoxEdge.uasset" 709
"../../../Engine/Content/VREditor/TransformGizmo/BoundingBoxEdge.uexp" 710
"../../../Engine/Content/EditorMaterials/ParticleSystems/PSysThumbnail_NoImage.ubulk" 711
"../../../Engine/Content/EditorMaterials/ParticleSystems/PSysThumbnail_NoImage.uasset" 712
"../../../Engine/Content/EditorMaterials/ParticleSystems/PSysThumbnail_NoImage.uexp" 713
"../../../Engine/Content/EditorMaterials/ParticleSystems/PSysThumbnail_OOD.ubulk" 714
"../../../Engine/Content/EditorMaterials/ParticleSystems/PSysThumbnail_OOD.uasset" 715
"../../../Engine/Content/EditorMaterials/ParticleSystems/PSysThumbnail_OOD.uexp" 716
"../../../Engine/Content/EditorMaterials/Camera/CineMat.uasset" 717
"../../../Engine/Content/EditorMaterials/Camera/CineMat.uexp" 718
"../../../Engine/Content/EditorMaterials/Camera/MI_CineMat_Rig.uasset" 719
"../../../Engine/Content/EditorMaterials/Camera/MI_CineMat_Rig.uexp" 720
"../../../Engine/Content/EditorMeshes/Camera/SM_CraneRig_Arm.ubulk" 721
"../../../Engine/Content/EditorMeshes/Camera/SM_CraneRig_Arm.uasset" 722
"../../../Engine/Content/EditorMeshes/Camera/SM_CraneRig_Arm.uexp" 723
"../../../Engine/Content/EditorMeshes/Camera/SM_CraneRig_Base.ubulk" 724
"../../../Engine/Content/EditorMeshes/Camera/SM_CraneRig_Base.uasset" 725
"../../../Engine/Content/EditorMeshes/Camera/SM_CraneRig_Base.uexp" 726
"../../../Engine/Content/EditorMeshes/Camera/SM_CraneRig_Body.ubulk" 727
"../../../Engine/Content/EditorMeshes/Camera/SM_CraneRig_Body.uasset" 728
"../../../Engine/Content/EditorMeshes/Camera/SM_CraneRig_Body.uexp" 729
"../../../Engine/Content/EditorMeshes/Camera/SM_CraneRig_Mount.ubulk" 730
"../../../Engine/Content/EditorMeshes/Camera/SM_CraneRig_Mount.uasset" 731
"../../../Engine/Content/EditorMeshes/Camera/SM_CraneRig_Mount.uexp" 732
"../../../Engine/Content/EditorMeshes/Camera/SM_RailRig_Mount.ubulk" 733
"../../../Engine/Content/EditorMeshes/Camera/SM_RailRig_Mount.uasset" 734
"../../../Engine/Content/EditorMeshes/Camera/SM_RailRig_Mount.uexp" 735
"../../../Engine/Content/EditorMeshes/Camera/SM_RailRig_Track.ubulk" 736
"../../../Engine/Content/EditorMeshes/Camera/SM_RailRig_Track.uasset" 737
"../../../Engine/Content/EditorMeshes/Camera/SM_RailRig_Track.uexp" 738
"../../../Engine/Content/ArtTools/RenderToTexture/Meshes/S_1_Unit_Plane.ubulk" 739
"../../../Engine/Content/ArtTools/RenderToTexture/Meshes/S_1_Unit_Plane.uasset" 740
"../../../Engine/Content/ArtTools/RenderToTexture/Meshes/S_1_Unit_Plane.uexp" 741
"../../../Engine/Content/Functions/Engine_MaterialFunctions01/Texturing/FlattenNormal.uasset" 742
"../../../Engine/Content/Functions/Engine_MaterialFunctions01/Texturing/FlattenNormal.uexp" 743
"../../../Engine/Plugins/Interchange/Assets/Content/Utilities/New_LUT.uasset" 744
"../../../Engine/Plugins/Interchange/Assets/Content/Utilities/New_LUT.uexp" 745
"../../../Engine/Content/Functions/Engine_MaterialFunctions03/Math/RemapValueRange.uasset" 746
"../../../Engine/Content/Functions/Engine_MaterialFunctions03/Math/RemapValueRange.uexp" 747
"../../../Engine/Plugins/Interchange/Assets/Content/Functions/MF_Iridescence.uasset" 748
"../../../Engine/Plugins/Interchange/Assets/Content/Functions/MF_Iridescence.uexp" 749
"../../../Engine/Plugins/Interchange/Assets/Content/gltf/Textures/T_White_srgb.uasset" 750
"../../../Engine/Plugins/Interchange/Assets/Content/gltf/Textures/T_White_srgb.uexp" 751
"../../../Engine/Plugins/Interchange/Assets/Content/gltf/MaterialFunctions/MF_BaseColor.uasset" 752
"../../../Engine/Plugins/Interchange/Assets/Content/gltf/MaterialFunctions/MF_BaseColor.uexp" 753
"../../../Engine/Plugins/Interchange/Assets/Content/gltf/MaterialFunctions/MF_RotateNormals_TS.uasset" 754
"../../../Engine/Plugins/Interchange/Assets/Content/gltf/MaterialFunctions/MF_RotateNormals_TS.uexp" 755
"../../../Engine/Plugins/Interchange/Assets/Content/gltf/Textures/T_Generic_N.uasset" 756
"../../../Engine/Plugins/Interchange/Assets/Content/gltf/Textures/T_Generic_N.uexp" 757
"../../../Engine/Plugins/Interchange/Assets/Content/gltf/Textures/T_White_Linear.uasset" 758
"../../../Engine/Plugins/Interchange/Assets/Content/gltf/Textures/T_White_Linear.uexp" 759
"../../../Engine/Plugins/Interchange/Assets/Content/gltf/MaterialFunctions/MF_Clearcoat.uasset" 760
"../../../Engine/Plugins/Interchange/Assets/Content/gltf/MaterialFunctions/MF_Clearcoat.uexp" 761
"../../../Engine/Plugins/Interchange/Assets/Content/gltf/MaterialFunctions/MF_Emissive.uasset" 762
"../../../Engine/Plugins/Interchange/Assets/Content/gltf/MaterialFunctions/MF_Emissive.uexp" 763
"../../../Engine/Plugins/Interchange/Assets/Content/gltf/MaterialFunctions/MF_IOR.uasset" 764
"../../../Engine/Plugins/Interchange/Assets/Content/gltf/MaterialFunctions/MF_IOR.uexp" 765
"../../../Engine/Plugins/Interchange/Assets/Content/Functions/MF_IridescenceNoLUT.uasset" 766
"../../../Engine/Plugins/Interchange/Assets/Content/Functions/MF_IridescenceNoLUT.uexp" 767
"../../../Engine/Plugins/Interchange/Assets/Content/gltf/MaterialFunctions/MF_Iridescence.uasset" 768
"../../../Engine/Plugins/Interchange/Assets/Content/gltf/MaterialFunctions/MF_Iridescence.uexp" 769
"../../../Engine/Plugins/Interchange/Assets/Content/gltf/MaterialFunctions/MF_MetallicRoughness.uasset" 770
"../../../Engine/Plugins/Interchange/Assets/Content/gltf/MaterialFunctions/MF_MetallicRoughness.uexp" 771
"../../../Engine/Plugins/Interchange/Assets/Content/gltf/MaterialFunctions/MF_ScaleNormal.uasset" 772
"../../../Engine/Plugins/Interchange/Assets/Content/gltf/MaterialFunctions/MF_ScaleNormal.uexp" 773
"../../../Engine/Plugins/Interchange/Assets/Content/gltf/MaterialFunctions/MF_Normals.uasset" 774
"../../../Engine/Plugins/Interchange/Assets/Content/gltf/MaterialFunctions/MF_Normals.uexp" 775
"../../../Engine/Plugins/Interchange/Assets/Content/gltf/MaterialFunctions/MF_Occlusion.uasset" 776
"../../../Engine/Plugins/Interchange/Assets/Content/gltf/MaterialFunctions/MF_Occlusion.uexp" 777
"../../../Engine/Plugins/Interchange/Assets/Content/gltf/MaterialFunctions/MF_Specular.uasset" 778
"../../../Engine/Plugins/Interchange/Assets/Content/gltf/MaterialFunctions/MF_Specular.uexp" 779
"../../../Engine/Plugins/Interchange/Assets/Content/gltf/Textures/T_Anisotropy_Direction_Linear.uasset" 780
"../../../Engine/Plugins/Interchange/Assets/Content/gltf/Textures/T_Anisotropy_Direction_Linear.uexp" 781
"../../../Engine/Plugins/Interchange/Assets/Content/gltf/MaterialFunctions/MF_SpecularAnisotropy.uasset" 782
"../../../Engine/Plugins/Interchange/Assets/Content/gltf/MaterialFunctions/MF_SpecularAnisotropy.uexp" 783
"../../../Engine/Plugins/Interchange/Assets/Content/gltf/MaterialFunctions/MF_RotateV2.uasset" 784
"../../../Engine/Plugins/Interchange/Assets/Content/gltf/MaterialFunctions/MF_RotateV2.uexp" 785
"../../../Engine/Plugins/Interchange/Assets/Content/gltf/MaterialFunctions/MF_TransformUVs.uasset" 786
"../../../Engine/Plugins/Interchange/Assets/Content/gltf/MaterialFunctions/MF_TransformUVs.uexp" 787
"../../../Engine/Plugins/Interchange/Assets/Content/gltf/MaterialBodies/MF_ClearCoat_Body.uasset" 788
"../../../Engine/Plugins/Interchange/Assets/Content/gltf/MaterialBodies/MF_ClearCoat_Body.uexp" 789
"../../../Engine/Plugins/Interchange/Assets/Content/gltf/M_ClearCoat.uasset" 790
"../../../Engine/Plugins/Interchange/Assets/Content/gltf/M_ClearCoat.uexp" 791
"../../../Engine/Plugins/Interchange/Assets/Content/gltf/MaterialInstances/MI_ClearCoat_Blend.uasset" 792
"../../../Engine/Plugins/Interchange/Assets/Content/gltf/MaterialInstances/MI_ClearCoat_Blend.uexp" 793
"../../../Engine/Plugins/Interchange/Assets/Content/gltf/MaterialInstances/MI_ClearCoat_Blend_DS.uasset" 794
"../../../Engine/Plugins/Interchange/Assets/Content/gltf/MaterialInstances/MI_ClearCoat_Blend_DS.uexp" 795
"../../../Engine/Plugins/Interchange/Assets/Content/gltf/MaterialInstances/MI_ClearCoat_Mask.uasset" 796
"../../../Engine/Plugins/Interchange/Assets/Content/gltf/MaterialInstances/MI_ClearCoat_Mask.uexp" 797
"../../../Engine/Plugins/Interchange/Assets/Content/gltf/MaterialInstances/MI_ClearCoat_Mask_DS.uasset" 798
"../../../Engine/Plugins/Interchange/Assets/Content/gltf/MaterialInstances/MI_ClearCoat_Mask_DS.uexp" 799
"../../../Engine/Plugins/Interchange/Assets/Content/gltf/MaterialInstances/MI_ClearCoat_Opaque.uasset" 800
"../../../Engine/Plugins/Interchange/Assets/Content/gltf/MaterialInstances/MI_ClearCoat_Opaque.uexp" 801
"../../../Engine/Plugins/Interchange/Assets/Content/gltf/MaterialInstances/MI_ClearCoat_Opaque_DS.uasset" 802
"../../../Engine/Plugins/Interchange/Assets/Content/gltf/MaterialInstances/MI_ClearCoat_Opaque_DS.uexp" 803
"../../../Engine/Plugins/Interchange/Assets/Content/gltf/MaterialBodies/MF_Default_Body.uasset" 804
"../../../Engine/Plugins/Interchange/Assets/Content/gltf/MaterialBodies/MF_Default_Body.uexp" 805
"../../../Engine/Plugins/Interchange/Assets/Content/gltf/M_Default.uasset" 806
"../../../Engine/Plugins/Interchange/Assets/Content/gltf/M_Default.uexp" 807
"../../../Engine/Plugins/Interchange/Assets/Content/gltf/MaterialInstances/MI_Default_Blend.uasset" 808
"../../../Engine/Plugins/Interchange/Assets/Content/gltf/MaterialInstances/MI_Default_Blend.uexp" 809
"../../../Engine/Plugins/Interchange/Assets/Content/gltf/MaterialInstances/MI_Default_Blend_DS.uasset" 810
"../../../Engine/Plugins/Interchange/Assets/Content/gltf/MaterialInstances/MI_Default_Blend_DS.uexp" 811
"../../../Engine/Plugins/Interchange/Assets/Content/gltf/MaterialInstances/MI_Default_Mask.uasset" 812
"../../../Engine/Plugins/Interchange/Assets/Content/gltf/MaterialInstances/MI_Default_Mask.uexp" 813
"../../../Engine/Plugins/Interchange/Assets/Content/gltf/MaterialInstances/MI_Default_Mask_DS.uasset" 814
"../../../Engine/Plugins/Interchange/Assets/Content/gltf/MaterialInstances/MI_Default_Mask_DS.uexp" 815
"../../../Engine/Plugins/Interchange/Assets/Content/gltf/MaterialInstances/MI_Default_Opaque.uasset" 816
"../../../Engine/Plugins/Interchange/Assets/Content/gltf/MaterialInstances/MI_Default_Opaque.uexp" 817
"../../../Engine/Plugins/Interchange/Assets/Content/gltf/MaterialFunctions/MF_Sheen.uasset" 818
"../../../Engine/Plugins/Interchange/Assets/Content/gltf/MaterialFunctions/MF_Sheen.uexp" 819
"../../../Engine/Plugins/Interchange/Assets/Content/gltf/MaterialBodies/MF_Sheen_Body.uasset" 820
"../../../Engine/Plugins/Interchange/Assets/Content/gltf/MaterialBodies/MF_Sheen_Body.uexp" 821
"../../../Engine/Plugins/Interchange/Assets/Content/gltf/M_Sheen.uasset" 822
"../../../Engine/Plugins/Interchange/Assets/Content/gltf/M_Sheen.uexp" 823
"../../../Engine/Plugins/Interchange/Assets/Content/gltf/MaterialInstances/MI_Sheen_Blend.uasset" 824
"../../../Engine/Plugins/Interchange/Assets/Content/gltf/MaterialInstances/MI_Sheen_Blend.uexp" 825
"../../../Engine/Plugins/Interchange/Assets/Content/gltf/MaterialInstances/MI_Sheen_Blend_DS.uasset" 826
"../../../Engine/Plugins/Interchange/Assets/Content/gltf/MaterialInstances/MI_Sheen_Blend_DS.uexp" 827
"../../../Engine/Plugins/Interchange/Assets/Content/gltf/MaterialInstances/MI_Sheen_Mask.uasset" 828
"../../../Engine/Plugins/Interchange/Assets/Content/gltf/MaterialInstances/MI_Sheen_Mask.uexp" 829
"../../../Engine/Plugins/Interchange/Assets/Content/gltf/MaterialInstances/MI_Sheen_Mask_DS.uasset" 830
"../../../Engine/Plugins/Interchange/Assets/Content/gltf/MaterialInstances/MI_Sheen_Mask_DS.uexp" 831
"../../../Engine/Plugins/Interchange/Assets/Content/gltf/MaterialInstances/MI_Sheen_Opaque.uasset" 832
"../../../Engine/Plugins/Interchange/Assets/Content/gltf/MaterialInstances/MI_Sheen_Opaque.uexp" 833
"../../../Engine/Plugins/Interchange/Assets/Content/gltf/MaterialInstances/MI_Sheen_Opaque_DS.uasset" 834
"../../../Engine/Plugins/Interchange/Assets/Content/gltf/MaterialInstances/MI_Sheen_Opaque_DS.uexp" 835
"../../../Engine/Plugins/Interchange/Assets/Content/gltf/MaterialFunctions/MF_DiffuseSpecGloss.uasset" 836
"../../../Engine/Plugins/Interchange/Assets/Content/gltf/MaterialFunctions/MF_DiffuseSpecGloss.uexp" 837
"../../../Engine/Plugins/Interchange/Assets/Content/gltf/MaterialFunctions/MF_MaxComponentValue.uasset" 838
"../../../Engine/Plugins/Interchange/Assets/Content/gltf/MaterialFunctions/MF_MaxComponentValue.uexp" 839
"../../../Engine/Content/Functions/Engine_MaterialFunctions02/Math/AddComponents.uasset" 840
"../../../Engine/Content/Functions/Engine_MaterialFunctions02/Math/AddComponents.uexp" 841
"../../../Engine/Plugins/Interchange/Assets/Content/gltf/MaterialFunctions/MF_PerceivedBrightness.uasset" 842
"../../../Engine/Plugins/Interchange/Assets/Content/gltf/MaterialFunctions/MF_PerceivedBrightness.uexp" 843
"../../../Engine/Plugins/Interchange/Assets/Content/gltf/MaterialFunctions/MF_SpecGlossToMetalRoughness.uasset" 844
"../../../Engine/Plugins/Interchange/Assets/Content/gltf/MaterialFunctions/MF_SpecGlossToMetalRoughness.uexp" 845
"../../../Engine/Plugins/Interchange/Assets/Content/gltf/MaterialBodies/MF_SpecularGlossiness_Body.uasset" 846
"../../../Engine/Plugins/Interchange/Assets/Content/gltf/MaterialBodies/MF_SpecularGlossiness_Body.uexp" 847
"../../../Engine/Plugins/Interchange/Assets/Content/gltf/M_SpecularGlossiness.uasset" 848
"../../../Engine/Plugins/Interchange/Assets/Content/gltf/M_SpecularGlossiness.uexp" 849
"../../../Engine/Plugins/Interchange/Assets/Content/gltf/MaterialInstances/MI_SpecularGlossiness_Blend.uasset" 850
"../../../Engine/Plugins/Interchange/Assets/Content/gltf/MaterialInstances/MI_SpecularGlossiness_Blend.uexp" 851
"../../../Engine/Plugins/Interchange/Assets/Content/gltf/MaterialInstances/MI_SpecularGlossiness_Blend_DS.uasset" 852
"../../../Engine/Plugins/Interchange/Assets/Content/gltf/MaterialInstances/MI_SpecularGlossiness_Blend_DS.uexp" 853
"../../../Engine/Plugins/Interchange/Assets/Content/gltf/MaterialInstances/MI_SpecularGlossiness_Mask.uasset" 854
"../../../Engine/Plugins/Interchange/Assets/Content/gltf/MaterialInstances/MI_SpecularGlossiness_Mask.uexp" 855
"../../../Engine/Plugins/Interchange/Assets/Content/gltf/MaterialInstances/MI_SpecularGlossiness_Mask_DS.uasset" 856
"../../../Engine/Plugins/Interchange/Assets/Content/gltf/MaterialInstances/MI_SpecularGlossiness_Mask_DS.uexp" 857
"../../../Engine/Plugins/Interchange/Assets/Content/gltf/MaterialInstances/MI_SpecularGlossiness_Opaque.uasset" 858
"../../../Engine/Plugins/Interchange/Assets/Content/gltf/MaterialInstances/MI_SpecularGlossiness_Opaque.uexp" 859
"../../../Engine/Plugins/Interchange/Assets/Content/gltf/MaterialInstances/MI_SpecularGlossiness_Opaque_DS.uasset" 860
"../../../Engine/Plugins/Interchange/Assets/Content/gltf/MaterialInstances/MI_SpecularGlossiness_Opaque_DS.uexp" 861
"../../../Engine/Content/EngineMaterials/Good64x64TilingNoiseHighFreq.uasset" 862
"../../../Engine/Content/EngineMaterials/Good64x64TilingNoiseHighFreq.uexp" 863
"../../../Engine/Content/Functions/Engine_MaterialFunctions02/Texturing/ScreenAlignedPixelToPixelUVs.uasset" 864
"../../../Engine/Content/Functions/Engine_MaterialFunctions02/Texturing/ScreenAlignedPixelToPixelUVs.uexp" 865
"../../../Engine/Plugins/Interchange/Assets/Content/gltf/MaterialFunctions/MF_Fresnel_DS.uasset" 866
"../../../Engine/Plugins/Interchange/Assets/Content/gltf/MaterialFunctions/MF_Fresnel_DS.uexp" 867
"../../../Engine/Plugins/Interchange/Assets/Content/gltf/MaterialFunctions/MF_Temporal_Blur.uasset" 868
"../../../Engine/Plugins/Interchange/Assets/Content/gltf/MaterialFunctions/MF_Temporal_Blur.uexp" 869
"../../../Engine/Plugins/Interchange/Assets/Content/gltf/MaterialFunctions/MF_Transmission.uasset" 870
"../../../Engine/Plugins/Interchange/Assets/Content/gltf/MaterialFunctions/MF_Transmission.uexp" 871
"../../../Engine/Plugins/Interchange/Assets/Content/gltf/MaterialBodies/MF_Transmission_Body.uasset" 872
"../../../Engine/Plugins/Interchange/Assets/Content/gltf/MaterialBodies/MF_Transmission_Body.uexp" 873
"../../../Engine/Plugins/Interchange/Assets/Content/gltf/M_Transmission.uasset" 874
"../../../Engine/Plugins/Interchange/Assets/Content/gltf/M_Transmission.uexp" 875
"../../../Engine/Plugins/Interchange/Assets/Content/gltf/MaterialInstances/MI_Transmission.uasset" 876
"../../../Engine/Plugins/Interchange/Assets/Content/gltf/MaterialInstances/MI_Transmission.uexp" 877
"../../../Engine/Plugins/Interchange/Assets/Content/gltf/MaterialInstances/MI_Transmission_DS.uasset" 878
"../../../Engine/Plugins/Interchange/Assets/Content/gltf/MaterialInstances/MI_Transmission_DS.uexp" 879
"../../../Engine/Plugins/Interchange/Assets/Content/gltf/MaterialBodies/MF_Unlit_Body.uasset" 880
"../../../Engine/Plugins/Interchange/Assets/Content/gltf/MaterialBodies/MF_Unlit_Body.uexp" 881
"../../../Engine/Plugins/Interchange/Assets/Content/gltf/M_Unlit.uasset" 882
"../../../Engine/Plugins/Interchange/Assets/Content/gltf/M_Unlit.uexp" 883
"../../../Engine/Plugins/Interchange/Assets/Content/gltf/MaterialInstances/MI_Unlit_Blend.uasset" 884
"../../../Engine/Plugins/Interchange/Assets/Content/gltf/MaterialInstances/MI_Unlit_Blend.uexp" 885
"../../../Engine/Plugins/Interchange/Assets/Content/gltf/MaterialInstances/MI_Unlit_Blend_DS.uasset" 886
"../../../Engine/Plugins/Interchange/Assets/Content/gltf/MaterialInstances/MI_Unlit_Blend_DS.uexp" 887
"../../../Engine/Plugins/Interchange/Assets/Content/gltf/MaterialInstances/MI_Unlit_Mask.uasset" 888
"../../../Engine/Plugins/Interchange/Assets/Content/gltf/MaterialInstances/MI_Unlit_Mask.uexp" 889
"../../../Engine/Plugins/Interchange/Assets/Content/gltf/MaterialInstances/MI_Unlit_Mask_DS.uasset" 890
"../../../Engine/Plugins/Interchange/Assets/Content/gltf/MaterialInstances/MI_Unlit_Mask_DS.uexp" 891
"../../../Engine/Plugins/Interchange/Assets/Content/gltf/MaterialInstances/MI_Unlit_Opaque.uasset" 892
"../../../Engine/Plugins/Interchange/Assets/Content/gltf/MaterialInstances/MI_Unlit_Opaque.uexp" 893
"../../../Engine/Plugins/Interchange/Assets/Content/gltf/MaterialInstances/MI_Unlit_Opaque_DS.uasset" 894
"../../../Engine/Plugins/Interchange/Assets/Content/gltf/MaterialInstances/MI_Unlit_Opaque_DS.uexp" 895
"../../../Engine/Content/EngineMaterials/Substrate/GLints/AGlintTex2dArray.uasset" 896
"../../../Engine/Content/EngineMaterials/Substrate/GLints/AGlintTex2dArray.uexp" 897
"../../../Engine/Content/EngineMaterials/Substrate/Glints2/AGlintTex2dArray2.uasset" 898
"../../../Engine/Content/EngineMaterials/Substrate/Glints2/AGlintTex2dArray2.uexp" 899
"../../../Engine/Content/EngineMaterials/Substrate/Volume/SubstrateSimpleVolumeEnvLUT3D.uasset" 900
"../../../Engine/Content/EngineMaterials/Substrate/Volume/SubstrateSimpleVolumeEnvLUT3D.uexp" 901
"../../../Engine/Content/EngineMaterials/Substrate/Volume/SubstrateSimpleVolumeLUT3D.uasset" 902
"../../../Engine/Content/EngineMaterials/Substrate/Volume/SubstrateSimpleVolumeLUT3D.uexp" 903
"../../../Engine/Content/Functions/Engine_MaterialFunctions01/Shading/ConvertFromDiffSpec.uasset" 904
"../../../Engine/Content/Functions/Engine_MaterialFunctions01/Shading/ConvertFromDiffSpec.uexp" 905
"../../../Engine/Content/Functions/Engine_MaterialFunctions01/Shading/PowerToRoughness.uasset" 906
"../../../Engine/Content/Functions/Engine_MaterialFunctions01/Shading/PowerToRoughness.uexp" 907
"../../../Engine/Plugins/NNE/NNEDenoiser/Content/NNEDT_Oidn2-3_Balanced.uasset" 908
"../../../Engine/Plugins/NNE/NNEDenoiser/Content/NNEDT_Oidn2-3_Balanced.uexp" 909
"../../../Engine/Plugins/NNE/NNEDenoiser/Content/NNEDT_Oidn2-3_Balanced_Alpha.uasset" 910
"../../../Engine/Plugins/NNE/NNEDenoiser/Content/NNEDT_Oidn2-3_Balanced_Alpha.uexp" 911
"../../../Engine/Plugins/NNE/NNEDenoiser/Content/NNED_Oidn2-3_Balanced.uasset" 912
"../../../Engine/Plugins/NNE/NNEDenoiser/Content/NNED_Oidn2-3_Balanced.uexp" 913
"../../../Engine/Plugins/NNE/NNEDenoiser/Content/NNED_Oidn2-3_Balanced_Alpha.uasset" 914
"../../../Engine/Plugins/NNE/NNEDenoiser/Content/NNED_Oidn2-3_Balanced_Alpha.uexp" 915
"../../../Engine/Plugins/NNE/NNEDenoiser/Content/NNED_Oidn2-3_Fast.uasset" 916
"../../../Engine/Plugins/NNE/NNEDenoiser/Content/NNED_Oidn2-3_Fast.uexp" 917
"../../../Engine/Plugins/NNE/NNEDenoiser/Content/NNED_Oidn2-3_Fast_Alpha.uasset" 918
"../../../Engine/Plugins/NNE/NNEDenoiser/Content/NNED_Oidn2-3_Fast_Alpha.uexp" 919
"../../../Engine/Plugins/NNE/NNEDenoiser/Content/NNED_Oidn2-3_HighQuality.uasset" 920
"../../../Engine/Plugins/NNE/NNEDenoiser/Content/NNED_Oidn2-3_HighQuality.uexp" 921
"../../../Engine/Plugins/NNE/NNEDenoiser/Content/NNED_Oidn2-3_HighQuality_Alpha.uasset" 922
"../../../Engine/Plugins/NNE/NNEDenoiser/Content/NNED_Oidn2-3_HighQuality_Alpha.uexp" 923
"../../../Engine/Plugins/Animation/DeformerGraph/Content/DeformerFunctions/DG_Function_LinearBlendSkin_Morph_Cloth.uasset" 924
"../../../Engine/Plugins/Animation/DeformerGraph/Content/DeformerFunctions/DG_Function_LinearBlendSkin_Morph_Cloth.uexp" 925
"../../../Engine/Plugins/Animation/DeformerGraph/Content/Deformers/DG_LinearBlendSkin_Morph_Cloth.uasset" 926
"../../../Engine/Plugins/Animation/DeformerGraph/Content/Deformers/DG_LinearBlendSkin_Morph_Cloth.uexp" 927
"../../../Engine/Plugins/Animation/DeformerGraph/Content/DeformerFunctions/DG_Function_ComputeNormalsTangents.uasset" 928
"../../../Engine/Plugins/Animation/DeformerGraph/Content/DeformerFunctions/DG_Function_ComputeNormalsTangents.uexp" 929
"../../../Engine/Plugins/Animation/DeformerGraph/Content/DeformerFunctions/DG_Function_LinearBlendSkin_Morph_Cloth_PositionOnly.uasset" 930
"../../../Engine/Plugins/Animation/DeformerGraph/Content/DeformerFunctions/DG_Function_LinearBlendSkin_Morph_Cloth_PositionOnly.uexp" 931
"../../../Engine/Plugins/Animation/DeformerGraph/Content/Deformers/DG_LinearBlendSkin_Morph_Cloth_RecomputeNormals.uasset" 932
"../../../Engine/Plugins/Animation/DeformerGraph/Content/Deformers/DG_LinearBlendSkin_Morph_Cloth_RecomputeNormals.uexp" 933
"../../../Engine/Plugins/Interchange/Assets/Content/Functions/MX_AbsorptionVDF.uasset" 934
"../../../Engine/Plugins/Interchange/Assets/Content/Functions/MX_AbsorptionVDF.uexp" 935
"../../../Engine/Plugins/Interchange/Assets/Content/Functions/MX_AnisotropicVDF.uasset" 936
"../../../Engine/Plugins/Interchange/Assets/Content/Functions/MX_AnisotropicVDF.uexp" 937
"../../../Engine/Plugins/Interchange/Assets/Content/Functions/MX_BurleyDiffuseBSDF.uasset" 938
"../../../Engine/Plugins/Interchange/Assets/Content/Functions/MX_BurleyDiffuseBSDF.uexp" 939
"../../../Engine/Plugins/Interchange/Assets/Content/Functions/MX_ChiangHairBSDF.uasset" 940
"../../../Engine/Plugins/Interchange/Assets/Content/Functions/MX_ChiangHairBSDF.uexp" 941
"../../../Engine/Plugins/Interchange/Assets/Content/Functions/MX_ConductorBSDF.uasset" 942
"../../../Engine/Plugins/Interchange/Assets/Content/Functions/MX_ConductorBSDF.uexp" 943
"../../../Engine/Plugins/Interchange/Assets/Content/Functions/MX_ConicalEDF.uasset" 944
"../../../Engine/Plugins/Interchange/Assets/Content/Functions/MX_ConicalEDF.uexp" 945
"../../../Engine/Plugins/Interchange/Assets/Content/Functions/MX_DielectricBSDF.uasset" 946
"../../../Engine/Plugins/Interchange/Assets/Content/Functions/MX_DielectricBSDF.uexp" 947
"../../../Engine/Plugins/Interchange/Assets/Content/Functions/MX_Displacement.uasset" 948
"../../../Engine/Plugins/Interchange/Assets/Content/Functions/MX_Displacement.uexp" 949
"../../../Engine/Plugins/Interchange/Assets/Content/Functions/MX_GeneralizedSchlickBSDF.uasset" 950
"../../../Engine/Plugins/Interchange/Assets/Content/Functions/MX_GeneralizedSchlickBSDF.uexp" 951
"../../../Engine/Plugins/Interchange/Assets/Content/Functions/MX_MeasuredEDF.uasset" 952
"../../../Engine/Plugins/Interchange/Assets/Content/Functions/MX_MeasuredEDF.uexp" 953
"../../../Engine/Plugins/Interchange/Assets/Content/Functions/MX_StandardSurface.uasset" 954
"../../../Engine/Plugins/Interchange/Assets/Content/Functions/MX_StandardSurface.uexp" 955
"../../../Engine/Plugins/Interchange/Assets/Content/Functions/MX_OpenPBR_Opaque.uasset" 956
"../../../Engine/Plugins/Interchange/Assets/Content/Functions/MX_OpenPBR_Opaque.uexp" 957
"../../../Engine/Plugins/Interchange/Assets/Content/Functions/MX_TransmissionSurface.uasset" 958
"../../../Engine/Plugins/Interchange/Assets/Content/Functions/MX_TransmissionSurface.uexp" 959
"../../../Engine/Plugins/Interchange/Assets/Content/Functions/MX_OpenPBR_Translucent.uasset" 960
"../../../Engine/Plugins/Interchange/Assets/Content/Functions/MX_OpenPBR_Translucent.uexp" 961
"../../../Engine/Content/Maps/Entry_BuiltData.uasset" 962
"../../../Engine/Content/Maps/Entry_BuiltData.uexp" 963
"../../../Engine/Content/Maps/Entry.uexp" 964
"../../../Engine/Content/Maps/Entry.umap" 965
"../../../Engine/Content/EngineSky/M_SimpleSkyDome.uasset" 966
"../../../Engine/Content/EngineSky/M_SimpleSkyDome.uexp" 967
"../../../Engine/Content/EngineSky/T_Sky_Blue.ubulk" 968
"../../../Engine/Content/EngineSky/T_Sky_Blue.uasset" 969
"../../../Engine/Content/EngineSky/T_Sky_Blue.uexp" 970
"../../../Engine/Content/EngineSky/T_Sky_Clouds_M.ubulk" 971
"../../../Engine/Content/EngineSky/T_Sky_Clouds_M.uasset" 972
"../../../Engine/Content/EngineSky/T_Sky_Clouds_M.uexp" 973
"../../../Engine/Content/EngineSky/T_Sky_Stars.ubulk" 974
"../../../Engine/Content/EngineSky/T_Sky_Stars.uasset" 975
"../../../Engine/Content/EngineSky/T_Sky_Stars.uexp" 976
"../../../Engine/Content/EngineSky/M_Sky_Panning_Clouds2.uasset" 977
"../../../Engine/Content/EngineSky/M_Sky_Panning_Clouds2.uexp" 978
"../../../Engine/Content/EngineSky/SM_SkySphere.ubulk" 979
"../../../Engine/Content/EngineSky/SM_SkySphere.uasset" 980
"../../../Engine/Content/EngineSky/SM_SkySphere.uexp" 981
"D:/RabbitLabGame/Content/Input/Actions/IA_Jump.uasset" 982
"D:/RabbitLabGame/Content/Input/Actions/IA_Jump.uexp" 983
"D:/RabbitLabGame/Content/Input/Actions/IA_Look.uasset" 984
"D:/RabbitLabGame/Content/Input/Actions/IA_Look.uexp" 985
"D:/RabbitLabGame/Content/Input/Actions/IA_Move.uasset" 986
"D:/RabbitLabGame/Content/Input/Actions/IA_Move.uexp" 987
"D:/RabbitLabGame/Content/Input/Actions/IA_Sprint.uasset" 988
"D:/RabbitLabGame/Content/Input/Actions/IA_Sprint.uexp" 989
"D:/RabbitLabGame/Content/Input/Actions/IA_MouseLook.uasset" 990
"D:/RabbitLabGame/Content/Input/Actions/IA_MouseLook.uexp" 991
"D:/RabbitLabGame/Content/Player/ue_rabbit/SkeletalMeshes/ue_rabbit_Skeleton.uasset" 992
"D:/RabbitLabGame/Content/Player/ue_rabbit/SkeletalMeshes/ue_rabbit_Skeleton.uexp" 993
"../../../Engine/Plugins/Animation/ACLPlugin/Content/ACLAnimBoneCompressionSettings.uasset" 994
"../../../Engine/Plugins/Animation/ACLPlugin/Content/ACLAnimBoneCompressionSettings.uexp" 995
"../../../Engine/Plugins/Animation/ACLPlugin/Content/ACLAnimCurveCompressionSettings.uasset" 996
"../../../Engine/Plugins/Animation/ACLPlugin/Content/ACLAnimCurveCompressionSettings.uexp" 997
"../../../Engine/Content/Animation/DefaultVariableFrameStrippingSettings.uasset" 998
"../../../Engine/Content/Animation/DefaultVariableFrameStrippingSettings.uexp" 999
"D:/RabbitLabGame/Content/Player/ue_rabbit/SkeletalMeshes/ue_rabbitIdle.uasset" 1000
"D:/RabbitLabGame/Content/Player/ue_rabbit/SkeletalMeshes/ue_rabbitIdle.uexp" 1001
"D:/RabbitLabGame/Content/Player/ue_rabbit/SkeletalMeshes/ue_rabbitRun.uasset" 1002
"D:/RabbitLabGame/Content/Player/ue_rabbit/SkeletalMeshes/ue_rabbitRun.uexp" 1003
"D:/RabbitLabGame/Content/Player/ue_rabbit/SkeletalMeshes/ue_rabbitWalk.uasset" 1004
"D:/RabbitLabGame/Content/Player/ue_rabbit/SkeletalMeshes/ue_rabbitWalk.uexp" 1005
"D:/RabbitLabGame/Content/Player/ue_rabbit/SkeletalMeshes/DB_IdleWalkRun.uasset" 1006
"D:/RabbitLabGame/Content/Player/ue_rabbit/SkeletalMeshes/DB_IdleWalkRun.uexp" 1007
"D:/RabbitLabGame/Content/Player/ue_rabbit/SkeletalMeshes/ue_rabbitJump_End.uasset" 1008
"D:/RabbitLabGame/Content/Player/ue_rabbit/SkeletalMeshes/ue_rabbitJump_End.uexp" 1009
"D:/RabbitLabGame/Content/Player/ue_rabbit/SkeletalMeshes/ue_rabbitJump_Idle.uasset" 1010
"D:/RabbitLabGame/Content/Player/ue_rabbit/SkeletalMeshes/ue_rabbitJump_Idle.uexp" 1011
"D:/RabbitLabGame/Content/Player/ue_rabbit/SkeletalMeshes/ue_rabbitJump_Init.uasset" 1012
"D:/RabbitLabGame/Content/Player/ue_rabbit/SkeletalMeshes/ue_rabbitJump_Init.uexp" 1013
"D:/RabbitLabGame/Content/Player/Ani_ThirdPersonCharacter.uasset" 1014
"D:/RabbitLabGame/Content/Player/Ani_ThirdPersonCharacter.uexp" 1015
"D:/RabbitLabGame/Content/Input/Touch/BPI_TouchInterface.uasset" 1016
"D:/RabbitLabGame/Content/Input/Touch/BPI_TouchInterface.uexp" 1017
"../../../Engine/Plugins/Interchange/Assets/Content/gltf/MaterialInstances/MI_Default_Opaque_DS.uasset" 1018
"../../../Engine/Plugins/Interchange/Assets/Content/gltf/MaterialInstances/MI_Default_Opaque_DS.uexp" 1019
"D:/RabbitLabGame/Content/Player/ue_rabbit/Materials/eyes.uasset" 1020
"D:/RabbitLabGame/Content/Player/ue_rabbit/Materials/eyes.uexp" 1021
"D:/RabbitLabGame/Content/Player/ue_rabbit/Materials/mouth.uasset" 1022
"D:/RabbitLabGame/Content/Player/ue_rabbit/Materials/mouth.uexp" 1023
"D:/RabbitLabGame/Content/Player/ue_rabbit/Materials/nose.uasset" 1024
"D:/RabbitLabGame/Content/Player/ue_rabbit/Materials/nose.uexp" 1025
"D:/RabbitLabGame/Content/Player/ue_rabbit/Materials/rabbit1.uasset" 1026
"D:/RabbitLabGame/Content/Player/ue_rabbit/Materials/rabbit1.uexp" 1027
"D:/RabbitLabGame/Content/Player/ue_rabbit/SkeletalMeshes/ue_rabbit_PhysicsAsset.uasset" 1028
"D:/RabbitLabGame/Content/Player/ue_rabbit/SkeletalMeshes/ue_rabbit_PhysicsAsset.uexp" 1029
"D:/RabbitLabGame/Content/Player/ue_rabbit/SkeletalMeshes/ue_rabbit.uasset" 1030
"D:/RabbitLabGame/Content/Player/ue_rabbit/SkeletalMeshes/ue_rabbit.uexp" 1031
"D:/RabbitLabGame/Content/Player/BP_ThirdPersonCharacter.uasset" 1032
"D:/RabbitLabGame/Content/Player/BP_ThirdPersonCharacter.uexp" 1033
"D:/RabbitLabGame/Content/Input/Actions/IA_MatterOrdDown.uasset" 1034
"D:/RabbitLabGame/Content/Input/Actions/IA_MatterOrdDown.uexp" 1035
"D:/RabbitLabGame/Content/Input/Actions/IA_MatterOrdUp.uasset" 1036
"D:/RabbitLabGame/Content/Input/Actions/IA_MatterOrdUp.uexp" 1037
"D:/RabbitLabGame/Content/Input/IMC_Default.uasset" 1038
"D:/RabbitLabGame/Content/Input/IMC_Default.uexp" 1039
"D:/RabbitLabGame/Content/Input/IMC_MouseLook.uasset" 1040
"D:/RabbitLabGame/Content/Input/IMC_MouseLook.uexp" 1041
"D:/RabbitLabGame/Content/Input/Touch/UI_Thumbstick.uasset" 1042
"D:/RabbitLabGame/Content/Input/Touch/UI_Thumbstick.uexp" 1043
"D:/RabbitLabGame/Content/Input/Touch/UI_TouchSimple.uasset" 1044
"D:/RabbitLabGame/Content/Input/Touch/UI_TouchSimple.uexp" 1045
"D:/RabbitLabGame/Content/Player/BP_ThirdPersonPlayerController.uasset" 1046
"D:/RabbitLabGame/Content/Player/BP_ThirdPersonPlayerController.uexp" 1047
"D:/RabbitLabGame/Content/Player/BP_ThirdPersonGameMode.uasset" 1048
"D:/RabbitLabGame/Content/Player/BP_ThirdPersonGameMode.uexp" 1049
"D:/RabbitLabGame/Content/_GENERATED/Thribhu/Boolean_9430BBA1.ubulk" 1050
"D:/RabbitLabGame/Content/_GENERATED/Thribhu/Boolean_9430BBA1.uasset" 1051
"D:/RabbitLabGame/Content/_GENERATED/Thribhu/Boolean_9430BBA1.uexp" 1052
"D:/RabbitLabGame/Content/_GENERATED/Thribhu/Box_54E3AAEB.ubulk" 1053
"D:/RabbitLabGame/Content/_GENERATED/Thribhu/Box_54E3AAEB.uasset" 1054
"D:/RabbitLabGame/Content/_GENERATED/Thribhu/Box_54E3AAEB.uexp" 1055
"D:/RabbitLabGame/Content/_GENERATED/Thribhu/Box_62753DFB.ubulk" 1056
"D:/RabbitLabGame/Content/_GENERATED/Thribhu/Box_62753DFB.uasset" 1057
"D:/RabbitLabGame/Content/_GENERATED/Thribhu/Box_62753DFB.uexp" 1058
"D:/RabbitLabGame/Content/LevelAssets/Boolean_A9E1315D.ubulk" 1059
"D:/RabbitLabGame/Content/LevelAssets/Boolean_A9E1315D.uasset" 1060
"D:/RabbitLabGame/Content/LevelAssets/Boolean_A9E1315D.uexp" 1061
"D:/RabbitLabGame/Content/LevelAssets/CubeGridToolOutput_D600B168.ubulk" 1062
"D:/RabbitLabGame/Content/LevelAssets/CubeGridToolOutput_D600B168.uasset" 1063
"D:/RabbitLabGame/Content/LevelAssets/CubeGridToolOutput_D600B168.uexp" 1064
"D:/RabbitLabGame/Content/LevelAssets/CubeGridToolOutput_D600B168_NoCollider.ubulk" 1065
"D:/RabbitLabGame/Content/LevelAssets/CubeGridToolOutput_D600B168_NoCollider.uasset" 1066
"D:/RabbitLabGame/Content/LevelAssets/CubeGridToolOutput_D600B168_NoCollider.uexp" 1067
"D:/RabbitLabGame/Content/LevelAssets/Cylinder_4E55E689.ubulk" 1068
"D:/RabbitLabGame/Content/LevelAssets/Cylinder_4E55E689.uasset" 1069
"D:/RabbitLabGame/Content/LevelAssets/Cylinder_4E55E689.uexp" 1070
"D:/RabbitLabGame/Content/Player/Box_7617D629.ubulk" 1071
"D:/RabbitLabGame/Content/Player/Box_7617D629.uasset" 1072
"D:/RabbitLabGame/Content/Player/Box_7617D629.uexp" 1073
"D:/RabbitLabGame/Content/LevelAssets/Cylinder_4E55E690.ubulk" 1074
"D:/RabbitLabGame/Content/LevelAssets/Cylinder_4E55E690.uasset" 1075
"D:/RabbitLabGame/Content/LevelAssets/Cylinder_4E55E690.uexp" 1076
"D:/RabbitLabGame/Content/_GENERATED/Thribhu/Boolean_48D44F72.ubulk" 1077
"D:/RabbitLabGame/Content/_GENERATED/Thribhu/Boolean_48D44F72.uasset" 1078
"D:/RabbitLabGame/Content/_GENERATED/Thribhu/Boolean_48D44F72.uexp" 1079
"D:/RabbitLabGame/Content/_GENERATED/Thribhu/Boolean_DCDD5AAE.ubulk" 1080
"D:/RabbitLabGame/Content/_GENERATED/Thribhu/Boolean_DCDD5AAE.uasset" 1081
"D:/RabbitLabGame/Content/_GENERATED/Thribhu/Boolean_DCDD5AAE.uexp" 1082
"D:/RabbitLabGame/Content/_GENERATED/Thribhu/Box_32A007D6.ubulk" 1083
"D:/RabbitLabGame/Content/_GENERATED/Thribhu/Box_32A007D6.uasset" 1084
"D:/RabbitLabGame/Content/_GENERATED/Thribhu/Box_32A007D6.uexp" 1085
"D:/RabbitLabGame/Content/_GENERATED/Thribhu/Box_528A651F.ubulk" 1086
"D:/RabbitLabGame/Content/_GENERATED/Thribhu/Box_528A651F.uasset" 1087
"D:/RabbitLabGame/Content/_GENERATED/Thribhu/Box_528A651F.uexp" 1088
"D:/RabbitLabGame/Content/_GENERATED/thrib/Box_95C20D65.ubulk" 1089
"D:/RabbitLabGame/Content/_GENERATED/thrib/Box_95C20D65.uasset" 1090
"D:/RabbitLabGame/Content/_GENERATED/thrib/Box_95C20D65.uexp" 1091
"D:/RabbitLabGame/Content/Level1.uexp" 1092
"D:/RabbitLabGame/Content/Level1.umap" 1093
